<?xml version="1.0" encoding="UTF-8"?>
<!-- Generated by org.testng.reporters.JUnitReportReporter -->
<testsuite hostname="DESKTOP-PKIP4S4" failures="0" tests="1" name="testcase.Testcase_switchBranch" time="6.813" errors="1" timestamp="2023-08-17T22:52:51 ICT" skipped="0">
  <testcase classname="testcase.Testcase_switchBranch" name="test" time="6.813">
    <error message="element click intercepted: Element &lt;a data-analytics-event=&quot;{&amp;quot;category&amp;quot;:&amp;quot;SiteHeaderComponent&amp;quot;,&amp;quot;action&amp;quot;:&amp;quot;context_region_crumb&amp;quot;,&amp;quot;label&amp;quot;:&amp;quot;Selenium&amp;quot;,&amp;quot;screen_size&amp;quot;:&amp;quot;full&amp;quot;}&quot; href=&quot;/trieunhat2806/Selenium&quot; data-view-component=&quot;true&quot; class=&quot;AppHeader-context-item&quot;&gt;...&lt;/a&gt; is not clickable at point (248, 32). Other element would receive the click: &lt;div class=&quot;Dialog__Backdrop-sc-uaxjsn-0 gmJJZ&quot;&gt;...&lt;/div&gt;
  (Session info: chrome=115.0.5790.171)
Build info: version: &#039;4.10.0&#039;, revision: &#039;c14d967899&#039;
System info: os.name: &#039;Windows 10&#039;, os.arch: &#039;amd64&#039;, os.version: &#039;10.0&#039;, java.version: &#039;18.0.2.1&#039;
Driver info: org.openqa.selenium.chrome.ChromeDriver
Command: [6f671f631e7fd438263d2a464b745745, clickElement {id=C183A1CB0F9A8135C64564D2BD77868D_element_84}]
Capabilities {acceptInsecureCerts: false, browserName: chrome, browserVersion: 115.0.5790.171, chrome: {chromedriverVersion: 114.0.5735.90 (386bc09e8f4f..., userDataDir: C:\Users\viend\AppData\Loca...}, goog:chromeOptions: {debuggerAddress: localhost:51788}, networkConnectionEnabled: false, pageLoadStrategy: normal, platformName: windows, proxy: Proxy(), se:cdp: ws://localhost:51788/devtoo..., se:cdpVersion: 115.0.5790.171, setWindowRect: true, strictFileInteractability: false, timeouts: {implicit: 0, pageLoad: 300000, script: 30000}, unhandledPromptBehavior: dismiss and notify, webauthn:extension:credBlob: true, webauthn:extension:largeBlob: true, webauthn:extension:minPinLength: true, webauthn:extension:prf: true, webauthn:virtualAuthenticators: true}
Element: [[ChromeDriver: chrome on windows (6f671f631e7fd438263d2a464b745745)] -&gt; xpath: //a[@data-analytics-event=&#039;{&quot;category&quot;:&quot;SiteHeaderComponent&quot;,&quot;action&quot;:&quot;context_region_crumb&quot;,&quot;label&quot;:&quot;Selenium&quot;,&quot;screen_size&quot;:&quot;full&quot;}&#039;]]
Session ID: 6f671f631e7fd438263d2a464b745745" type="org.openqa.selenium.ElementClickInterceptedException">
      <![CDATA[org.openqa.selenium.ElementClickInterceptedException: element click intercepted: Element <a data-analytics-event="{&quot;category&quot;:&quot;SiteHeaderComponent&quot;,&quot;action&quot;:&quot;context_region_crumb&quot;,&quot;label&quot;:&quot;Selenium&quot;,&quot;screen_size&quot;:&quot;full&quot;}" href="/trieunhat2806/Selenium" data-view-component="true" class="AppHeader-context-item">...</a> is not clickable at point (248, 32). Other element would receive the click: <div class="Dialog__Backdrop-sc-uaxjsn-0 gmJJZ">...</div>
  (Session info: chrome=115.0.5790.171)
Build info: version: '4.10.0', revision: 'c14d967899'
System info: os.name: 'Windows 10', os.arch: 'amd64', os.version: '10.0', java.version: '18.0.2.1'
Driver info: org.openqa.selenium.chrome.ChromeDriver
Command: [6f671f631e7fd438263d2a464b745745, clickElement {id=C183A1CB0F9A8135C64564D2BD77868D_element_84}]
Capabilities {acceptInsecureCerts: false, browserName: chrome, browserVersion: 115.0.5790.171, chrome: {chromedriverVersion: 114.0.5735.90 (386bc09e8f4f..., userDataDir: C:\Users\viend\AppData\Loca...}, goog:chromeOptions: {debuggerAddress: localhost:51788}, networkConnectionEnabled: false, pageLoadStrategy: normal, platformName: windows, proxy: Proxy(), se:cdp: ws://localhost:51788/devtoo..., se:cdpVersion: 115.0.5790.171, setWindowRect: true, strictFileInteractability: false, timeouts: {implicit: 0, pageLoad: 300000, script: 30000}, unhandledPromptBehavior: dismiss and notify, webauthn:extension:credBlob: true, webauthn:extension:largeBlob: true, webauthn:extension:minPinLength: true, webauthn:extension:prf: true, webauthn:virtualAuthenticators: true}
Element: [[ChromeDriver: chrome on windows (6f671f631e7fd438263d2a464b745745)] -> xpath: //a[@data-analytics-event='{"category":"SiteHeaderComponent","action":"context_region_crumb","label":"Selenium","screen_size":"full"}']]
Session ID: 6f671f631e7fd438263d2a464b745745
at java.base/jdk.internal.reflect.DirectConstructorHandleAccessor.newInstance(DirectConstructorHandleAccessor.java:67)
at java.base/java.lang.reflect.Constructor.newInstanceWithCaller(Constructor.java:499)
at java.base/java.lang.reflect.Constructor.newInstance(Constructor.java:483)
at org.openqa.selenium.remote.codec.w3c.W3CHttpResponseCodec.createException(W3CHttpResponseCodec.java:199)
at org.openqa.selenium.remote.codec.w3c.W3CHttpResponseCodec.decode(W3CHttpResponseCodec.java:132)
at org.openqa.selenium.remote.codec.w3c.W3CHttpResponseCodec.decode(W3CHttpResponseCodec.java:51)
at org.openqa.selenium.remote.HttpCommandExecutor.execute(HttpCommandExecutor.java:191)
at org.openqa.selenium.remote.service.DriverCommandExecutor.invokeExecute(DriverCommandExecutor.java:196)
at org.openqa.selenium.remote.service.DriverCommandExecutor.execute(DriverCommandExecutor.java:171)
at org.openqa.selenium.remote.RemoteWebDriver.execute(RemoteWebDriver.java:531)
at org.openqa.selenium.remote.RemoteWebElement.execute(RemoteWebElement.java:242)
at org.openqa.selenium.remote.RemoteWebElement.click(RemoteWebElement.java:77)
at java.base/jdk.internal.reflect.DirectMethodHandleAccessor.invoke(DirectMethodHandleAccessor.java:104)
at java.base/java.lang.reflect.Method.invoke(Method.java:577)
at org.openqa.selenium.support.pagefactory.internal.LocatingElementHandler.invoke(LocatingElementHandler.java:51)
at jdk.proxy2/jdk.proxy2.$Proxy17.click(Unknown Source)
at homepage.Homepage.Click_procceedToPage(Homepage.java:138)
at homepage.Homepage.ProcceedToPage(Homepage.java:216)
at testcase.Testcase_switchBranch.test(Testcase_switchBranch.java:77)
at java.base/jdk.internal.reflect.DirectMethodHandleAccessor.invoke(DirectMethodHandleAccessor.java:104)
at java.base/java.lang.reflect.Method.invoke(Method.java:577)
at org.testng.internal.invokers.MethodInvocationHelper.invokeMethod(MethodInvocationHelper.java:139)
at org.testng.internal.invokers.TestInvoker.invokeMethod(TestInvoker.java:664)
at org.testng.internal.invokers.TestInvoker.invokeTestMethod(TestInvoker.java:227)
at org.testng.internal.invokers.MethodRunner.runInSequence(MethodRunner.java:50)
at org.testng.internal.invokers.TestInvoker$MethodInvocationAgent.invoke(TestInvoker.java:957)
at org.testng.internal.invokers.TestInvoker.invokeTestMethods(TestInvoker.java:200)
at org.testng.internal.invokers.TestMethodWorker.invokeTestMethods(TestMethodWorker.java:148)
at org.testng.internal.invokers.TestMethodWorker.run(TestMethodWorker.java:128)
at java.base/java.util.ArrayList.forEach(ArrayList.java:1511)
at org.testng.TestRunner.privateRun(TestRunner.java:848)
at org.testng.TestRunner.run(TestRunner.java:621)
at org.testng.SuiteRunner.runTest(SuiteRunner.java:443)
at org.testng.SuiteRunner.runSequentially(SuiteRunner.java:437)
at org.testng.SuiteRunner.privateRun(SuiteRunner.java:397)
at org.testng.SuiteRunner.run(SuiteRunner.java:336)
at org.testng.SuiteRunnerWorker.runSuite(SuiteRunnerWorker.java:52)
at org.testng.SuiteRunnerWorker.run(SuiteRunnerWorker.java:95)
at org.testng.TestNG.runSuitesSequentially(TestNG.java:1280)
at org.testng.TestNG.runSuitesLocally(TestNG.java:1200)
at org.testng.TestNG.runSuites(TestNG.java:1114)
at org.testng.TestNG.run(TestNG.java:1082)
at org.testng.remote.AbstractRemoteTestNG.run(AbstractRemoteTestNG.java:115)
at org.testng.remote.RemoteTestNG.initAndRun(RemoteTestNG.java:251)
at org.testng.remote.RemoteTestNG.main(RemoteTestNG.java:77)
]]>
    </error>
    <system-out>
      <![CDATA[username entered
password entered
button clicked
login successful
chosen repo clicked
chosen file clicked
'create file' button clicked
name input
content typed in
Commit changes button clicked
'commit changes' confirmation button clicked]]>
    </system-out>
  </testcase> <!-- test -->
  <system-out>
    <![CDATA[successfully proceeded to LoginPage
username entered
password entered
button clicked
login successful
chosen repo clicked
chosen file clicked
'create file' button clicked
name input
content typed in
Commit changes button clicked
'commit changes' confirmation button clicked]]>
  </system-out>
</testsuite> <!-- testcase.Testcase_switchBranch -->
