<?xml version="1.0" encoding="UTF-8"?>
<!-- Generated by org.testng.reporters.JUnitReportReporter -->
<testsuite hostname="DESKTOP-PKIP4S4" failures="1" tests="1" name="testcase.Testcase_SignUp" time="13.852" errors="0" timestamp="2023-08-22T02:57:46 ICT" skipped="0">
  <testcase classname="testcase.Testcase_SignUp" name="test" time="13.852">
    <failure message="Button was not clicked successfully expected [true] but found [false]" type="java.lang.AssertionError">
      <![CDATA[java.lang.AssertionError: Button was not clicked successfully expected [true] but found [false]
at org.testng.Assert.fail(Assert.java:111)
at org.testng.Assert.failNotEquals(Assert.java:1578)
at org.testng.Assert.assertTrue(Assert.java:57)
at testcase.Testcase_SignUp.test(Testcase_SignUp.java:84)
at java.base/jdk.internal.reflect.DirectMethodHandleAccessor.invoke(DirectMethodHandleAccessor.java:104)
at java.base/java.lang.reflect.Method.invoke(Method.java:577)
at org.testng.internal.invokers.MethodInvocationHelper.invokeMethod(MethodInvocationHelper.java:139)
at org.testng.internal.invokers.TestInvoker.invokeMethod(TestInvoker.java:664)
at org.testng.internal.invokers.TestInvoker.invokeTestMethod(TestInvoker.java:227)
at org.testng.internal.invokers.MethodRunner.runInSequence(MethodRunner.java:50)
at org.testng.internal.invokers.TestInvoker$MethodInvocationAgent.invoke(TestInvoker.java:957)
at org.testng.internal.invokers.TestInvoker.invokeTestMethods(TestInvoker.java:200)
at org.testng.internal.invokers.TestMethodWorker.invokeTestMethods(TestMethodWorker.java:148)
at org.testng.internal.invokers.TestMethodWorker.run(TestMethodWorker.java:128)
at java.base/java.util.ArrayList.forEach(ArrayList.java:1511)
at org.testng.TestRunner.privateRun(TestRunner.java:848)
at org.testng.TestRunner.run(TestRunner.java:621)
at org.testng.SuiteRunner.runTest(SuiteRunner.java:443)
at org.testng.SuiteRunner.runSequentially(SuiteRunner.java:437)
at org.testng.SuiteRunner.privateRun(SuiteRunner.java:397)
at org.testng.SuiteRunner.run(SuiteRunner.java:336)
at org.testng.SuiteRunnerWorker.runSuite(SuiteRunnerWorker.java:52)
at org.testng.SuiteRunnerWorker.run(SuiteRunnerWorker.java:95)
at org.testng.TestNG.runSuitesSequentially(TestNG.java:1280)
at org.testng.TestNG.runSuitesLocally(TestNG.java:1200)
at org.testng.TestNG.runSuites(TestNG.java:1114)
at org.testng.TestNG.run(TestNG.java:1082)
at org.testng.remote.AbstractRemoteTestNG.run(AbstractRemoteTestNG.java:115)
at org.testng.remote.RemoteTestNG.initAndRun(RemoteTestNG.java:251)
at org.testng.remote.RemoteTestNG.main(RemoteTestNG.java:77)
]]>
    </failure>
    <system-out>
      <![CDATA[email entered
email button clicked
password entered
pass button clicked
username entered
username button clicked]]>
    </system-out>
  </testcase> <!-- test -->
  <system-out>
    <![CDATA[successfully proceeded to LoginPage
successfully proceeded to General Discusion page
successfully proceeded to LoginPage
successfully proceeded to LoginPage
successfully proceeded to General Discusion page
successfully proceeded to LoginPage
successfully proceeded to SignUpPage
successfully proceeded to loginPage
successfully proceeded to SignUpPage
successfully proceeded to General Discusion page
successfully proceeded to LoginPage
successfully proceeded to General Discusion page
successfully proceeded to General Discusion page
successfully proceeded to General Discusion page
failed to proceeded to loginPage
successfully proceeded to General Discusion page
successfully proceeded to SignUpPage
successfully proceeded to SignUpPage
successfully proceeded to SignUpPage
email entered
email button clicked
password entered
password is too long
email entered
email button clicked
password entered
password may be compromised
username entered
password entered
button clicked
login successful
send feedback
email entered
email button clicked
password entered
password needs a number and lowercase letter
username entered
password entered
button clicked
login failed
incorrect username or password.
username entered
password entered
button clicked
login successful
repository clicked
repo name entered
trieu-nhat-222 is available.
username entered
password entered
button clicked
login successful
repository clicked
create repo clicked
new repository name must not be blank
username entered
password entered
button clicked
login successful
chosen repo clicked
chosen file clicked
Edit File button clicked
Typed in
Commit changes button clicked
'commit changes' confirmation button clicked
successfully updated
email entered
email is invalid or already taken
username entered
password entered
button clicked
login successful
repository clicked
repo name entered
username entered
password entered
button clicked
login successful
chosen repo clicked
chosen file clicked
'create file' button clicked
name input
content typed in
Commit changes button clicked
'commit changes' confirmation button clicked
newest file has been added
email entered
email button clicked
password entered
pass button clicked
username entered
username button clicked
username entered
password entered
button clicked
login successful
Discussion Title entered
Write section entered
Button Clicked
discussion created successful
general
username entered
password entered
button clicked
login successful
Discussion Title entered
Write section entered
Button Clicked
discussion created successful
ideas
username entered
password entered
button clicked
login successful
Button Clicked
discussion created successful

username entered
password entered
button clicked
login successful
comment  entered
Button Clicked
Name changed Fail

username entered
password entered
button clicked
login successful
comment  entered
Button Clicked
Name changed successful
Test23
username entered
password entered
button clicked
login successful
Button Clicked
Button Clicked
discussion created successful]]>
  </system-out>
</testsuite> <!-- testcase.Testcase_SignUp -->
