<?xml version="1.0" encoding="UTF-8"?>
<testng-results ignored="0" total="19" passed="16" failed="3" skipped="0">
  <reporter-output>
    <line>
      <![CDATA[successfully proceeded to LoginPage]]>
    </line>
    <line>
      <![CDATA[successfully proceeded to General Discusion page]]>
    </line>
    <line>
      <![CDATA[successfully proceeded to LoginPage]]>
    </line>
    <line>
      <![CDATA[successfully proceeded to LoginPage]]>
    </line>
    <line>
      <![CDATA[successfully proceeded to General Discusion page]]>
    </line>
    <line>
      <![CDATA[successfully proceeded to LoginPage]]>
    </line>
    <line>
      <![CDATA[successfully proceeded to SignUpPage]]>
    </line>
    <line>
      <![CDATA[successfully proceeded to loginPage]]>
    </line>
    <line>
      <![CDATA[successfully proceeded to SignUpPage]]>
    </line>
    <line>
      <![CDATA[successfully proceeded to General Discusion page]]>
    </line>
    <line>
      <![CDATA[successfully proceeded to LoginPage]]>
    </line>
    <line>
      <![CDATA[successfully proceeded to General Discusion page]]>
    </line>
    <line>
      <![CDATA[successfully proceeded to General Discusion page]]>
    </line>
    <line>
      <![CDATA[successfully proceeded to General Discusion page]]>
    </line>
    <line>
      <![CDATA[failed to proceeded to loginPage]]>
    </line>
    <line>
      <![CDATA[successfully proceeded to General Discusion page]]>
    </line>
    <line>
      <![CDATA[successfully proceeded to SignUpPage]]>
    </line>
    <line>
      <![CDATA[successfully proceeded to SignUpPage]]>
    </line>
    <line>
      <![CDATA[successfully proceeded to SignUpPage]]>
    </line>
    <line>
      <![CDATA[email entered]]>
    </line>
    <line>
      <![CDATA[email button clicked]]>
    </line>
    <line>
      <![CDATA[password entered]]>
    </line>
    <line>
      <![CDATA[password is too long]]>
    </line>
    <line>
      <![CDATA[email entered]]>
    </line>
    <line>
      <![CDATA[email button clicked]]>
    </line>
    <line>
      <![CDATA[password entered]]>
    </line>
    <line>
      <![CDATA[password may be compromised]]>
    </line>
    <line>
      <![CDATA[username entered]]>
    </line>
    <line>
      <![CDATA[password entered]]>
    </line>
    <line>
      <![CDATA[button clicked]]>
    </line>
    <line>
      <![CDATA[login successful]]>
    </line>
    <line>
      <![CDATA[send feedback]]>
    </line>
    <line>
      <![CDATA[email entered]]>
    </line>
    <line>
      <![CDATA[email button clicked]]>
    </line>
    <line>
      <![CDATA[password entered]]>
    </line>
    <line>
      <![CDATA[password needs a number and lowercase letter]]>
    </line>
    <line>
      <![CDATA[username entered]]>
    </line>
    <line>
      <![CDATA[password entered]]>
    </line>
    <line>
      <![CDATA[button clicked]]>
    </line>
    <line>
      <![CDATA[login failed]]>
    </line>
    <line>
      <![CDATA[incorrect username or password.]]>
    </line>
    <line>
      <![CDATA[username entered]]>
    </line>
    <line>
      <![CDATA[password entered]]>
    </line>
    <line>
      <![CDATA[button clicked]]>
    </line>
    <line>
      <![CDATA[login successful]]>
    </line>
    <line>
      <![CDATA[repository clicked]]>
    </line>
    <line>
      <![CDATA[repo name entered]]>
    </line>
    <line>
      <![CDATA[trieu-nhat-222 is available.]]>
    </line>
    <line>
      <![CDATA[username entered]]>
    </line>
    <line>
      <![CDATA[password entered]]>
    </line>
    <line>
      <![CDATA[button clicked]]>
    </line>
    <line>
      <![CDATA[login successful]]>
    </line>
    <line>
      <![CDATA[repository clicked]]>
    </line>
    <line>
      <![CDATA[create repo clicked]]>
    </line>
    <line>
      <![CDATA[new repository name must not be blank]]>
    </line>
    <line>
      <![CDATA[username entered]]>
    </line>
    <line>
      <![CDATA[password entered]]>
    </line>
    <line>
      <![CDATA[button clicked]]>
    </line>
    <line>
      <![CDATA[login successful]]>
    </line>
    <line>
      <![CDATA[chosen repo clicked]]>
    </line>
    <line>
      <![CDATA[chosen file clicked]]>
    </line>
    <line>
      <![CDATA[Edit File button clicked]]>
    </line>
    <line>
      <![CDATA[Typed in]]>
    </line>
    <line>
      <![CDATA[Commit changes button clicked]]>
    </line>
    <line>
      <![CDATA['commit changes' confirmation button clicked]]>
    </line>
    <line>
      <![CDATA[successfully updated]]>
    </line>
    <line>
      <![CDATA[email entered]]>
    </line>
    <line>
      <![CDATA[email is invalid or already taken]]>
    </line>
    <line>
      <![CDATA[username entered]]>
    </line>
    <line>
      <![CDATA[password entered]]>
    </line>
    <line>
      <![CDATA[button clicked]]>
    </line>
    <line>
      <![CDATA[login successful]]>
    </line>
    <line>
      <![CDATA[repository clicked]]>
    </line>
    <line>
      <![CDATA[repo name entered]]>
    </line>
    <line>
      <![CDATA[username entered]]>
    </line>
    <line>
      <![CDATA[password entered]]>
    </line>
    <line>
      <![CDATA[button clicked]]>
    </line>
    <line>
      <![CDATA[login successful]]>
    </line>
    <line>
      <![CDATA[chosen repo clicked]]>
    </line>
    <line>
      <![CDATA[chosen file clicked]]>
    </line>
    <line>
      <![CDATA['create file' button clicked]]>
    </line>
    <line>
      <![CDATA[name input]]>
    </line>
    <line>
      <![CDATA[content typed in]]>
    </line>
    <line>
      <![CDATA[Commit changes button clicked]]>
    </line>
    <line>
      <![CDATA['commit changes' confirmation button clicked]]>
    </line>
    <line>
      <![CDATA[newest file has been added]]>
    </line>
    <line>
      <![CDATA[email entered]]>
    </line>
    <line>
      <![CDATA[email button clicked]]>
    </line>
    <line>
      <![CDATA[password entered]]>
    </line>
    <line>
      <![CDATA[pass button clicked]]>
    </line>
    <line>
      <![CDATA[username entered]]>
    </line>
    <line>
      <![CDATA[username button clicked]]>
    </line>
    <line>
      <![CDATA[username entered]]>
    </line>
    <line>
      <![CDATA[password entered]]>
    </line>
    <line>
      <![CDATA[button clicked]]>
    </line>
    <line>
      <![CDATA[login successful]]>
    </line>
    <line>
      <![CDATA[Discussion Title entered]]>
    </line>
    <line>
      <![CDATA[Write section entered]]>
    </line>
    <line>
      <![CDATA[Button Clicked]]>
    </line>
    <line>
      <![CDATA[discussion created successful]]>
    </line>
    <line>
      <![CDATA[general]]>
    </line>
    <line>
      <![CDATA[username entered]]>
    </line>
    <line>
      <![CDATA[password entered]]>
    </line>
    <line>
      <![CDATA[button clicked]]>
    </line>
    <line>
      <![CDATA[login successful]]>
    </line>
    <line>
      <![CDATA[Discussion Title entered]]>
    </line>
    <line>
      <![CDATA[Write section entered]]>
    </line>
    <line>
      <![CDATA[Button Clicked]]>
    </line>
    <line>
      <![CDATA[discussion created successful]]>
    </line>
    <line>
      <![CDATA[ideas]]>
    </line>
    <line>
      <![CDATA[username entered]]>
    </line>
    <line>
      <![CDATA[password entered]]>
    </line>
    <line>
      <![CDATA[button clicked]]>
    </line>
    <line>
      <![CDATA[login successful]]>
    </line>
    <line>
      <![CDATA[Button Clicked]]>
    </line>
    <line>
      <![CDATA[discussion created successful]]>
    </line>
    <line>
      <![CDATA[]]>
    </line>
    <line>
      <![CDATA[username entered]]>
    </line>
    <line>
      <![CDATA[password entered]]>
    </line>
    <line>
      <![CDATA[button clicked]]>
    </line>
    <line>
      <![CDATA[login successful]]>
    </line>
    <line>
      <![CDATA[comment  entered]]>
    </line>
    <line>
      <![CDATA[Button Clicked]]>
    </line>
    <line>
      <![CDATA[Name changed Fail]]>
    </line>
    <line>
      <![CDATA[]]>
    </line>
    <line>
      <![CDATA[username entered]]>
    </line>
    <line>
      <![CDATA[password entered]]>
    </line>
    <line>
      <![CDATA[button clicked]]>
    </line>
    <line>
      <![CDATA[login successful]]>
    </line>
    <line>
      <![CDATA[comment  entered]]>
    </line>
    <line>
      <![CDATA[Button Clicked]]>
    </line>
    <line>
      <![CDATA[Name changed successful]]>
    </line>
    <line>
      <![CDATA[Test23]]>
    </line>
    <line>
      <![CDATA[username entered]]>
    </line>
    <line>
      <![CDATA[password entered]]>
    </line>
    <line>
      <![CDATA[button clicked]]>
    </line>
    <line>
      <![CDATA[login successful]]>
    </line>
    <line>
      <![CDATA[Button Clicked]]>
    </line>
    <line>
      <![CDATA[Button Clicked]]>
    </line>
    <line>
      <![CDATA[discussion created successful]]>
    </line>
  </reporter-output>
  <suite started-at="2023-08-22T02:53:35 ICT" name="Suite" finished-at="2023-08-22T02:57:46 ICT" duration-ms="251093">
    <groups>
      <group name="case 12">
        <method signature="Testcase_CreateNewFile.test()[pri:0, instance:testcase.Testcase_CreateNewFile@17f9d882]" name="test" class="testcase.Testcase_CreateNewFile"/>
      </group> <!-- case 12 -->
      <group name="case 6">
        <method signature="Testcase_InvalidOrTakenEmail.test()[pri:0, instance:testcase.Testcase_InvalidOrTakenEmail@350aac89]" name="test" class="testcase.Testcase_InvalidOrTakenEmail"/>
        <method signature="Testcase_passwordNotSatisfy.test()[pri:0, instance:testcase.Testcase_passwordNotSatisfy@33065d67]" name="test" class="testcase.Testcase_passwordNotSatisfy"/>
      </group> <!-- case 6 -->
      <group name="case 1">
        <method signature="Testcase_BlankRepoName.test()[pri:0, instance:testcase.Testcase_BlankRepoName@742ff096]" name="test" class="testcase.Testcase_BlankRepoName"/>
        <method signature="Testcase_ChangeCatergory.test()[pri:0, instance:testcase.Testcase_ChangeCatergory@7f485fda]" name="test" class="testcase.Testcase_ChangeCatergory"/>
        <method signature="Testcase_CreateRepo.test()[pri:0, instance:testcase.Testcase_CreateRepo@7bba5817]" name="test" class="testcase.Testcase_CreateRepo"/>
        <method signature="Testcase_EditDicussionName.test()[pri:0, instance:testcase.Testcase_EditDicussionName@4b29d1d2]" name="test" class="testcase.Testcase_EditDicussionName"/>
        <method signature="Testcase_EditFile.test()[pri:0, instance:testcase.Testcase_EditFile@75437611]" name="test" class="testcase.Testcase_EditFile"/>
        <method signature="Testcase_Login.test()[pri:0, instance:testcase.Testcase_Login@cb0755b]" name="test" class="testcase.Testcase_Login"/>
        <method signature="Testcase_SortingDiscussion2.test()[pri:0, instance:testcase.Testcase_SortingDiscussion2@4a83a74a]" name="test" class="testcase.Testcase_SortingDiscussion2"/>
        <method signature="Testcase_SpecialRepoName.test()[pri:0, instance:testcase.Testcase_SpecialRepoName@1c5920df]" name="test" class="testcase.Testcase_SpecialRepoName"/>
        <method signature="Testcase_StartNewDiscusion.test()[pri:0, instance:testcase.Testcase_StartNewDiscusion@196a42c3]" name="test" class="testcase.Testcase_StartNewDiscusion"/>
        <method signature="Testcase_StartNewDiscusion2.test()[pri:0, instance:testcase.Testcase_StartNewDiscusion2@4c60d6e9]" name="test" class="testcase.Testcase_StartNewDiscusion2"/>
        <method signature="Testcase_WriteComment.test()[pri:0, instance:testcase.Testcase_WriteComment@15043a2f]" name="test" class="testcase.Testcase_WriteComment"/>
        <method signature="Testcase__EmptyEditDiscussionName.test()[pri:0, instance:testcase.Testcase__EmptyEditDiscussionName@1349883]" name="test" class="testcase.Testcase__EmptyEditDiscussionName"/>
        <method signature="Testcase_passwordCompromised.test()[pri:0, instance:testcase.Testcase_passwordCompromised@53fb3dab]" name="test" class="testcase.Testcase_passwordCompromised"/>
        <method signature="Testcase_passwordTooLong.test()[pri:0, instance:testcase.Testcase_passwordTooLong@19e4653c]" name="test" class="testcase.Testcase_passwordTooLong"/>
      </group> <!-- case 1 -->
      <group name="case 2">
        <method signature="Testcase_WrongPassword.test()[pri:0, instance:testcase.Testcase_WrongPassword@712625fd]" name="test" class="testcase.Testcase_WrongPassword"/>
      </group> <!-- case 2 -->
      <group name="case 3">
        <method signature="Testcase_SignUp.test()[pri:0, instance:testcase.Testcase_SignUp@79e4c792]" name="test" class="testcase.Testcase_SignUp"/>
      </group> <!-- case 3 -->
    </groups>
    <test started-at="2023-08-22T02:53:35 ICT" name="Test" finished-at="2023-08-22T02:57:46 ICT" duration-ms="251093">
      <class name="testcase.Testcase_WrongPassword">
        <test-method is-config="true" signature="testSetup()[pri:0, instance:testcase.Testcase_WrongPassword@712625fd]" started-at="2023-08-22T02:54:10 ICT" name="testSetup" finished-at="2023-08-22T02:54:12 ICT" duration-ms="1965" status="PASS">
          <reporter-output>
            <line>
              <![CDATA[failed to proceeded to loginPage]]>
            </line>
          </reporter-output>
        </test-method> <!-- testSetup -->
        <test-method signature="test()[pri:0, instance:testcase.Testcase_WrongPassword@712625fd]" started-at="2023-08-22T02:54:44 ICT" name="test" finished-at="2023-08-22T02:54:45 ICT" duration-ms="1344" status="PASS">
          <reporter-output>
            <line>
              <![CDATA[username entered]]>
            </line>
            <line>
              <![CDATA[password entered]]>
            </line>
            <line>
              <![CDATA[button clicked]]>
            </line>
            <line>
              <![CDATA[login failed]]>
            </line>
            <line>
              <![CDATA[incorrect username or password.]]>
            </line>
          </reporter-output>
        </test-method> <!-- test -->
        <test-method is-config="true" signature="afterTest()[pri:0, instance:testcase.Testcase_WrongPassword@712625fd]" started-at="2023-08-22T02:57:19 ICT" name="afterTest" finished-at="2023-08-22T02:57:25 ICT" duration-ms="5263" status="PASS">
          <reporter-output>
          </reporter-output>
        </test-method> <!-- afterTest -->
      </class> <!-- testcase.Testcase_WrongPassword -->
      <class name="testcase.Testcase_ChangeCatergory">
        <test-method is-config="true" signature="testSetup()[pri:0, instance:testcase.Testcase_ChangeCatergory@7f485fda]" started-at="2023-08-22T02:53:38 ICT" name="testSetup" finished-at="2023-08-22T02:53:39 ICT" duration-ms="1805" status="PASS">
          <reporter-output>
            <line>
              <![CDATA[successfully proceeded to General Discusion page]]>
            </line>
          </reporter-output>
        </test-method> <!-- testSetup -->
        <test-method signature="test()[pri:0, instance:testcase.Testcase_ChangeCatergory@7f485fda]" started-at="2023-08-22T02:56:01 ICT" name="test" finished-at="2023-08-22T02:56:05 ICT" duration-ms="4203" status="FAIL">
          <exception class="java.lang.AssertionError">
            <message>
              <![CDATA[expected [true] but found [false]]]>
            </message>
            <full-stacktrace>
              <![CDATA[java.lang.AssertionError: expected [true] but found [false]
at org.testng.Assert.fail(Assert.java:111)
at org.testng.Assert.failNotEquals(Assert.java:1578)
at org.testng.Assert.assertTrue(Assert.java:57)
at org.testng.Assert.assertTrue(Assert.java:67)
at testcase.Testcase_ChangeCatergory.test(Testcase_ChangeCatergory.java:75)
at java.base/jdk.internal.reflect.DirectMethodHandleAccessor.invoke(DirectMethodHandleAccessor.java:104)
at java.base/java.lang.reflect.Method.invoke(Method.java:577)
at org.testng.internal.invokers.MethodInvocationHelper.invokeMethod(MethodInvocationHelper.java:139)
at org.testng.internal.invokers.TestInvoker.invokeMethod(TestInvoker.java:664)
at org.testng.internal.invokers.TestInvoker.invokeTestMethod(TestInvoker.java:227)
at org.testng.internal.invokers.MethodRunner.runInSequence(MethodRunner.java:50)
at org.testng.internal.invokers.TestInvoker$MethodInvocationAgent.invoke(TestInvoker.java:957)
at org.testng.internal.invokers.TestInvoker.invokeTestMethods(TestInvoker.java:200)
at org.testng.internal.invokers.TestMethodWorker.invokeTestMethods(TestMethodWorker.java:148)
at org.testng.internal.invokers.TestMethodWorker.run(TestMethodWorker.java:128)
at java.base/java.util.ArrayList.forEach(ArrayList.java:1511)
at org.testng.TestRunner.privateRun(TestRunner.java:848)
at org.testng.TestRunner.run(TestRunner.java:621)
at org.testng.SuiteRunner.runTest(SuiteRunner.java:443)
at org.testng.SuiteRunner.runSequentially(SuiteRunner.java:437)
at org.testng.SuiteRunner.privateRun(SuiteRunner.java:397)
at org.testng.SuiteRunner.run(SuiteRunner.java:336)
at org.testng.SuiteRunnerWorker.runSuite(SuiteRunnerWorker.java:52)
at org.testng.SuiteRunnerWorker.run(SuiteRunnerWorker.java:95)
at org.testng.TestNG.runSuitesSequentially(TestNG.java:1280)
at org.testng.TestNG.runSuitesLocally(TestNG.java:1200)
at org.testng.TestNG.runSuites(TestNG.java:1114)
at org.testng.TestNG.run(TestNG.java:1082)
at org.testng.remote.AbstractRemoteTestNG.run(AbstractRemoteTestNG.java:115)
at org.testng.remote.RemoteTestNG.initAndRun(RemoteTestNG.java:251)
at org.testng.remote.RemoteTestNG.main(RemoteTestNG.java:77)
]]>
            </full-stacktrace>
          </exception> <!-- java.lang.AssertionError -->
          <reporter-output>
            <line>
              <![CDATA[username entered]]>
            </line>
            <line>
              <![CDATA[password entered]]>
            </line>
            <line>
              <![CDATA[button clicked]]>
            </line>
            <line>
              <![CDATA[login successful]]>
            </line>
            <line>
              <![CDATA[Button Clicked]]>
            </line>
            <line>
              <![CDATA[Button Clicked]]>
            </line>
            <line>
              <![CDATA[discussion created successful]]>
            </line>
          </reporter-output>
        </test-method> <!-- test -->
        <test-method is-config="true" signature="afterTest()[pri:0, instance:testcase.Testcase_ChangeCatergory@7f485fda]" started-at="2023-08-22T02:56:10 ICT" name="afterTest" finished-at="2023-08-22T02:56:16 ICT" duration-ms="5255" status="PASS">
          <reporter-output>
          </reporter-output>
        </test-method> <!-- afterTest -->
      </class> <!-- testcase.Testcase_ChangeCatergory -->
      <class name="testcase.Testcase_SortingDiscussion2">
        <test-method is-config="true" signature="testSetup()[pri:0, instance:testcase.Testcase_SortingDiscussion2@4a83a74a]" started-at="2023-08-22T02:53:55 ICT" name="testSetup" finished-at="2023-08-22T02:54:00 ICT" duration-ms="5089" status="PASS">
          <reporter-output>
            <line>
              <![CDATA[successfully proceeded to General Discusion page]]>
            </line>
          </reporter-output>
        </test-method> <!-- testSetup -->
        <test-method signature="test()[pri:0, instance:testcase.Testcase_SortingDiscussion2@4a83a74a]" started-at="2023-08-22T02:55:55 ICT" name="test" finished-at="2023-08-22T02:55:55 ICT" duration-ms="414" status="PASS">
          <reporter-output>
            <line>
              <![CDATA[Button Clicked]]>
            </line>
            <line>
              <![CDATA[discussion created successful]]>
            </line>
            <line>
              <![CDATA[]]>
            </line>
          </reporter-output>
        </test-method> <!-- test -->
        <test-method is-config="true" signature="afterTest()[pri:0, instance:testcase.Testcase_SortingDiscussion2@4a83a74a]" started-at="2023-08-22T02:56:53 ICT" name="afterTest" finished-at="2023-08-22T02:56:58 ICT" duration-ms="5325" status="PASS">
          <reporter-output>
          </reporter-output>
        </test-method> <!-- afterTest -->
      </class> <!-- testcase.Testcase_SortingDiscussion2 -->
      <class name="testcase.Testcase_StartNewDiscusion">
        <test-method is-config="true" signature="testSetup()[pri:0, instance:testcase.Testcase_StartNewDiscusion@196a42c3]" started-at="2023-08-22T02:54:03 ICT" name="testSetup" finished-at="2023-08-22T02:54:05 ICT" duration-ms="2264" status="PASS">
          <reporter-output>
            <line>
              <![CDATA[successfully proceeded to General Discusion page]]>
            </line>
          </reporter-output>
        </test-method> <!-- testSetup -->
        <test-method signature="test()[pri:0, instance:testcase.Testcase_StartNewDiscusion@196a42c3]" started-at="2023-08-22T02:55:35 ICT" name="test" finished-at="2023-08-22T02:55:39 ICT" duration-ms="4466" status="PASS">
          <reporter-output>
            <line>
              <![CDATA[username entered]]>
            </line>
            <line>
              <![CDATA[password entered]]>
            </line>
            <line>
              <![CDATA[button clicked]]>
            </line>
            <line>
              <![CDATA[login successful]]>
            </line>
            <line>
              <![CDATA[Discussion Title entered]]>
            </line>
            <line>
              <![CDATA[Write section entered]]>
            </line>
            <line>
              <![CDATA[Button Clicked]]>
            </line>
            <line>
              <![CDATA[discussion created successful]]>
            </line>
            <line>
              <![CDATA[general]]>
            </line>
          </reporter-output>
        </test-method> <!-- test -->
        <test-method is-config="true" signature="afterTest()[pri:0, instance:testcase.Testcase_StartNewDiscusion@196a42c3]" started-at="2023-08-22T02:57:03 ICT" name="afterTest" finished-at="2023-08-22T02:57:09 ICT" duration-ms="5256" status="PASS">
          <reporter-output>
          </reporter-output>
        </test-method> <!-- afterTest -->
      </class> <!-- testcase.Testcase_StartNewDiscusion -->
      <class name="testcase.Testcase_InvalidOrTakenEmail">
        <test-method is-config="true" signature="testSetup()[pri:0, instance:testcase.Testcase_InvalidOrTakenEmail@350aac89]" started-at="2023-08-22T02:53:46 ICT" name="testSetup" finished-at="2023-08-22T02:53:49 ICT" duration-ms="2734" status="PASS">
          <reporter-output>
            <line>
              <![CDATA[successfully proceeded to SignUpPage]]>
            </line>
          </reporter-output>
        </test-method> <!-- testSetup -->
        <test-method signature="test()[pri:0, instance:testcase.Testcase_InvalidOrTakenEmail@350aac89]" started-at="2023-08-22T02:55:05 ICT" name="test" finished-at="2023-08-22T02:55:07 ICT" duration-ms="1305" status="PASS">
          <reporter-output>
            <line>
              <![CDATA[email entered]]>
            </line>
            <line>
              <![CDATA[email is invalid or already taken]]>
            </line>
          </reporter-output>
        </test-method> <!-- test -->
        <test-method is-config="true" signature="afterTest()[pri:0, instance:testcase.Testcase_InvalidOrTakenEmail@350aac89]" started-at="2023-08-22T02:56:37 ICT" name="afterTest" finished-at="2023-08-22T02:56:42 ICT" duration-ms="5389" status="PASS">
          <reporter-output>
          </reporter-output>
        </test-method> <!-- afterTest -->
      </class> <!-- testcase.Testcase_InvalidOrTakenEmail -->
      <class name="testcase.Testcase_CreateNewFile">
        <test-method is-config="true" signature="testSetup()[pri:0, instance:testcase.Testcase_CreateNewFile@17f9d882]" started-at="2023-08-22T02:53:39 ICT" name="testSetup" finished-at="2023-08-22T02:53:41 ICT" duration-ms="1872" status="PASS">
          <reporter-output>
            <line>
              <![CDATA[successfully proceeded to LoginPage]]>
            </line>
          </reporter-output>
        </test-method> <!-- testSetup -->
        <test-method signature="test()[pri:0, instance:testcase.Testcase_CreateNewFile@17f9d882]" started-at="2023-08-22T02:55:11 ICT" name="test" finished-at="2023-08-22T02:55:21 ICT" duration-ms="10254" status="PASS">
          <reporter-output>
            <line>
              <![CDATA[username entered]]>
            </line>
            <line>
              <![CDATA[password entered]]>
            </line>
            <line>
              <![CDATA[button clicked]]>
            </line>
            <line>
              <![CDATA[login successful]]>
            </line>
            <line>
              <![CDATA[chosen repo clicked]]>
            </line>
            <line>
              <![CDATA[chosen file clicked]]>
            </line>
            <line>
              <![CDATA['create file' button clicked]]>
            </line>
            <line>
              <![CDATA[name input]]>
            </line>
            <line>
              <![CDATA[content typed in]]>
            </line>
            <line>
              <![CDATA[Commit changes button clicked]]>
            </line>
            <line>
              <![CDATA['commit changes' confirmation button clicked]]>
            </line>
            <line>
              <![CDATA[newest file has been added]]>
            </line>
          </reporter-output>
        </test-method> <!-- test -->
        <test-method is-config="true" signature="afterTest()[pri:0, instance:testcase.Testcase_CreateNewFile@17f9d882]" started-at="2023-08-22T02:56:16 ICT" name="afterTest" finished-at="2023-08-22T02:56:21 ICT" duration-ms="5255" status="PASS">
          <reporter-output>
          </reporter-output>
        </test-method> <!-- afterTest -->
      </class> <!-- testcase.Testcase_CreateNewFile -->
      <class name="testcase.Testcase_CreateRepo">
        <test-method is-config="true" signature="testSetup()[pri:0, instance:testcase.Testcase_CreateRepo@7bba5817]" started-at="2023-08-22T02:53:41 ICT" name="testSetup" finished-at="2023-08-22T02:53:43 ICT" duration-ms="1636" status="PASS">
          <reporter-output>
            <line>
              <![CDATA[successfully proceeded to LoginPage]]>
            </line>
          </reporter-output>
        </test-method> <!-- testSetup -->
        <test-method signature="test()[pri:0, instance:testcase.Testcase_CreateRepo@7bba5817]" started-at="2023-08-22T02:54:45 ICT" name="test" finished-at="2023-08-22T02:54:51 ICT" duration-ms="5619" status="PASS">
          <reporter-output>
            <line>
              <![CDATA[username entered]]>
            </line>
            <line>
              <![CDATA[password entered]]>
            </line>
            <line>
              <![CDATA[button clicked]]>
            </line>
            <line>
              <![CDATA[login successful]]>
            </line>
            <line>
              <![CDATA[repository clicked]]>
            </line>
            <line>
              <![CDATA[repo name entered]]>
            </line>
            <line>
              <![CDATA[trieu-nhat-222 is available.]]>
            </line>
          </reporter-output>
        </test-method> <!-- test -->
        <test-method is-config="true" signature="afterTest()[pri:0, instance:testcase.Testcase_CreateRepo@7bba5817]" started-at="2023-08-22T02:56:21 ICT" name="afterTest" finished-at="2023-08-22T02:56:26 ICT" duration-ms="5254" status="PASS">
          <reporter-output>
          </reporter-output>
        </test-method> <!-- afterTest -->
      </class> <!-- testcase.Testcase_CreateRepo -->
      <class name="testcase.Testcase_SignUp">
        <test-method is-config="true" signature="testSetup()[pri:0, instance:testcase.Testcase_SignUp@79e4c792]" started-at="2023-08-22T02:53:51 ICT" name="testSetup" finished-at="2023-08-22T02:53:55 ICT" duration-ms="3912" status="PASS">
          <reporter-output>
            <line>
              <![CDATA[successfully proceeded to SignUpPage]]>
            </line>
          </reporter-output>
        </test-method> <!-- testSetup -->
        <test-method signature="test()[pri:0, instance:testcase.Testcase_SignUp@79e4c792]" started-at="2023-08-22T02:55:21 ICT" name="test" finished-at="2023-08-22T02:55:35 ICT" duration-ms="13852" status="FAIL">
          <exception class="java.lang.AssertionError">
            <message>
              <![CDATA[Button was not clicked successfully expected [true] but found [false]]]>
            </message>
            <full-stacktrace>
              <![CDATA[java.lang.AssertionError: Button was not clicked successfully expected [true] but found [false]
at org.testng.Assert.fail(Assert.java:111)
at org.testng.Assert.failNotEquals(Assert.java:1578)
at org.testng.Assert.assertTrue(Assert.java:57)
at testcase.Testcase_SignUp.test(Testcase_SignUp.java:84)
at java.base/jdk.internal.reflect.DirectMethodHandleAccessor.invoke(DirectMethodHandleAccessor.java:104)
at java.base/java.lang.reflect.Method.invoke(Method.java:577)
at org.testng.internal.invokers.MethodInvocationHelper.invokeMethod(MethodInvocationHelper.java:139)
at org.testng.internal.invokers.TestInvoker.invokeMethod(TestInvoker.java:664)
at org.testng.internal.invokers.TestInvoker.invokeTestMethod(TestInvoker.java:227)
at org.testng.internal.invokers.MethodRunner.runInSequence(MethodRunner.java:50)
at org.testng.internal.invokers.TestInvoker$MethodInvocationAgent.invoke(TestInvoker.java:957)
at org.testng.internal.invokers.TestInvoker.invokeTestMethods(TestInvoker.java:200)
at org.testng.internal.invokers.TestMethodWorker.invokeTestMethods(TestMethodWorker.java:148)
at org.testng.internal.invokers.TestMethodWorker.run(TestMethodWorker.java:128)
at java.base/java.util.ArrayList.forEach(ArrayList.java:1511)
at org.testng.TestRunner.privateRun(TestRunner.java:848)
at org.testng.TestRunner.run(TestRunner.java:621)
at org.testng.SuiteRunner.runTest(SuiteRunner.java:443)
at org.testng.SuiteRunner.runSequentially(SuiteRunner.java:437)
at org.testng.SuiteRunner.privateRun(SuiteRunner.java:397)
at org.testng.SuiteRunner.run(SuiteRunner.java:336)
at org.testng.SuiteRunnerWorker.runSuite(SuiteRunnerWorker.java:52)
at org.testng.SuiteRunnerWorker.run(SuiteRunnerWorker.java:95)
at org.testng.TestNG.runSuitesSequentially(TestNG.java:1280)
at org.testng.TestNG.runSuitesLocally(TestNG.java:1200)
at org.testng.TestNG.runSuites(TestNG.java:1114)
at org.testng.TestNG.run(TestNG.java:1082)
at org.testng.remote.AbstractRemoteTestNG.run(AbstractRemoteTestNG.java:115)
at org.testng.remote.RemoteTestNG.initAndRun(RemoteTestNG.java:251)
at org.testng.remote.RemoteTestNG.main(RemoteTestNG.java:77)
]]>
            </full-stacktrace>
          </exception> <!-- java.lang.AssertionError -->
          <reporter-output>
            <line>
              <![CDATA[email entered]]>
            </line>
            <line>
              <![CDATA[email button clicked]]>
            </line>
            <line>
              <![CDATA[password entered]]>
            </line>
            <line>
              <![CDATA[pass button clicked]]>
            </line>
            <line>
              <![CDATA[username entered]]>
            </line>
            <line>
              <![CDATA[username button clicked]]>
            </line>
          </reporter-output>
        </test-method> <!-- test -->
        <test-method is-config="true" signature="afterTest()[pri:0, instance:testcase.Testcase_SignUp@79e4c792]" started-at="2023-08-22T02:56:48 ICT" name="afterTest" finished-at="2023-08-22T02:56:53 ICT" duration-ms="5314" status="PASS">
          <reporter-output>
          </reporter-output>
        </test-method> <!-- afterTest -->
      </class> <!-- testcase.Testcase_SignUp -->
      <class name="testcase.Testcase_EditDicussionName">
        <test-method is-config="true" signature="testSetup()[pri:0, instance:testcase.Testcase_EditDicussionName@4b29d1d2]" started-at="2023-08-22T02:53:43 ICT" name="testSetup" finished-at="2023-08-22T02:53:45 ICT" duration-ms="1640" status="PASS">
          <reporter-output>
            <line>
              <![CDATA[successfully proceeded to General Discusion page]]>
            </line>
          </reporter-output>
        </test-method> <!-- testSetup -->
        <test-method signature="test()[pri:0, instance:testcase.Testcase_EditDicussionName@4b29d1d2]" started-at="2023-08-22T02:55:58 ICT" name="test" finished-at="2023-08-22T02:56:01 ICT" duration-ms="3070" status="PASS">
          <reporter-output>
            <line>
              <![CDATA[username entered]]>
            </line>
            <line>
              <![CDATA[password entered]]>
            </line>
            <line>
              <![CDATA[button clicked]]>
            </line>
            <line>
              <![CDATA[login successful]]>
            </line>
            <line>
              <![CDATA[comment  entered]]>
            </line>
            <line>
              <![CDATA[Button Clicked]]>
            </line>
            <line>
              <![CDATA[Name changed successful]]>
            </line>
            <line>
              <![CDATA[Test23]]>
            </line>
          </reporter-output>
        </test-method> <!-- test -->
        <test-method is-config="true" signature="afterTest()[pri:0, instance:testcase.Testcase_EditDicussionName@4b29d1d2]" started-at="2023-08-22T02:56:26 ICT" name="afterTest" finished-at="2023-08-22T02:56:32 ICT" duration-ms="5390" status="PASS">
          <reporter-output>
          </reporter-output>
        </test-method> <!-- afterTest -->
      </class> <!-- testcase.Testcase_EditDicussionName -->
      <class name="testcase.Testcase_Login">
        <test-method is-config="true" signature="testSetup()[pri:0, instance:testcase.Testcase_Login@cb0755b]" started-at="2023-08-22T02:53:49 ICT" name="testSetup" finished-at="2023-08-22T02:53:51 ICT" duration-ms="1872" status="PASS">
          <reporter-output>
            <line>
              <![CDATA[successfully proceeded to loginPage]]>
            </line>
          </reporter-output>
        </test-method> <!-- testSetup -->
        <test-method signature="test()[pri:0, instance:testcase.Testcase_Login@cb0755b]" started-at="2023-08-22T02:54:39 ICT" name="test" finished-at="2023-08-22T02:54:42 ICT" duration-ms="2463" status="PASS">
          <reporter-output>
            <line>
              <![CDATA[username entered]]>
            </line>
            <line>
              <![CDATA[password entered]]>
            </line>
            <line>
              <![CDATA[button clicked]]>
            </line>
            <line>
              <![CDATA[login successful]]>
            </line>
            <line>
              <![CDATA[send feedback]]>
            </line>
          </reporter-output>
        </test-method> <!-- test -->
        <test-method is-config="true" signature="afterTest()[pri:0, instance:testcase.Testcase_Login@cb0755b]" started-at="2023-08-22T02:56:42 ICT" name="afterTest" finished-at="2023-08-22T02:56:48 ICT" duration-ms="5254" status="PASS">
          <reporter-output>
          </reporter-output>
        </test-method> <!-- afterTest -->
      </class> <!-- testcase.Testcase_Login -->
      <class name="testcase.Testcase_BlankRepoName">
        <test-method is-config="true" signature="testSetup()[pri:0, instance:testcase.Testcase_BlankRepoName@742ff096]" started-at="2023-08-22T02:53:35 ICT" name="testSetup" finished-at="2023-08-22T02:53:38 ICT" duration-ms="2842" status="PASS">
          <reporter-output>
            <line>
              <![CDATA[successfully proceeded to LoginPage]]>
            </line>
          </reporter-output>
        </test-method> <!-- testSetup -->
        <test-method signature="test()[pri:0, instance:testcase.Testcase_BlankRepoName@742ff096]" started-at="2023-08-22T02:54:51 ICT" name="test" finished-at="2023-08-22T02:54:56 ICT" duration-ms="5320" status="PASS">
          <reporter-output>
            <line>
              <![CDATA[username entered]]>
            </line>
            <line>
              <![CDATA[password entered]]>
            </line>
            <line>
              <![CDATA[button clicked]]>
            </line>
            <line>
              <![CDATA[login successful]]>
            </line>
            <line>
              <![CDATA[repository clicked]]>
            </line>
            <line>
              <![CDATA[create repo clicked]]>
            </line>
            <line>
              <![CDATA[new repository name must not be blank]]>
            </line>
          </reporter-output>
        </test-method> <!-- test -->
        <test-method is-config="true" signature="afterTest()[pri:0, instance:testcase.Testcase_BlankRepoName@742ff096]" started-at="2023-08-22T02:56:05 ICT" name="afterTest" finished-at="2023-08-22T02:56:10 ICT" duration-ms="5326" status="PASS">
          <reporter-output>
          </reporter-output>
        </test-method> <!-- afterTest -->
      </class> <!-- testcase.Testcase_BlankRepoName -->
      <class name="testcase.Testcase_EditFile">
        <test-method is-config="true" signature="testSetup()[pri:0, instance:testcase.Testcase_EditFile@75437611]" started-at="2023-08-22T02:53:45 ICT" name="testSetup" finished-at="2023-08-22T02:53:46 ICT" duration-ms="1642" status="PASS">
          <reporter-output>
            <line>
              <![CDATA[successfully proceeded to LoginPage]]>
            </line>
          </reporter-output>
        </test-method> <!-- testSetup -->
        <test-method signature="test()[pri:0, instance:testcase.Testcase_EditFile@75437611]" started-at="2023-08-22T02:54:56 ICT" name="test" finished-at="2023-08-22T02:55:05 ICT" duration-ms="9404" status="PASS">
          <reporter-output>
            <line>
              <![CDATA[username entered]]>
            </line>
            <line>
              <![CDATA[password entered]]>
            </line>
            <line>
              <![CDATA[button clicked]]>
            </line>
            <line>
              <![CDATA[login successful]]>
            </line>
            <line>
              <![CDATA[chosen repo clicked]]>
            </line>
            <line>
              <![CDATA[chosen file clicked]]>
            </line>
            <line>
              <![CDATA[Edit File button clicked]]>
            </line>
            <line>
              <![CDATA[Typed in]]>
            </line>
            <line>
              <![CDATA[Commit changes button clicked]]>
            </line>
            <line>
              <![CDATA['commit changes' confirmation button clicked]]>
            </line>
            <line>
              <![CDATA[successfully updated]]>
            </line>
          </reporter-output>
        </test-method> <!-- test -->
        <test-method is-config="true" signature="afterTest()[pri:0, instance:testcase.Testcase_EditFile@75437611]" started-at="2023-08-22T02:56:32 ICT" name="afterTest" finished-at="2023-08-22T02:56:37 ICT" duration-ms="5247" status="PASS">
          <reporter-output>
          </reporter-output>
        </test-method> <!-- afterTest -->
      </class> <!-- testcase.Testcase_EditFile -->
      <class name="testcase.Testcase__EmptyEditDiscussionName">
        <test-method is-config="true" signature="testSetup()[pri:0, instance:testcase.Testcase__EmptyEditDiscussionName@1349883]" started-at="2023-08-22T02:54:12 ICT" name="testSetup" finished-at="2023-08-22T02:54:15 ICT" duration-ms="2369" status="PASS">
          <reporter-output>
            <line>
              <![CDATA[successfully proceeded to General Discusion page]]>
            </line>
          </reporter-output>
        </test-method> <!-- testSetup -->
        <test-method signature="test()[pri:0, instance:testcase.Testcase__EmptyEditDiscussionName@1349883]" started-at="2023-08-22T02:55:55 ICT" name="test" finished-at="2023-08-22T02:55:58 ICT" duration-ms="2742" status="PASS">
          <reporter-output>
            <line>
              <![CDATA[username entered]]>
            </line>
            <line>
              <![CDATA[password entered]]>
            </line>
            <line>
              <![CDATA[button clicked]]>
            </line>
            <line>
              <![CDATA[login successful]]>
            </line>
            <line>
              <![CDATA[comment  entered]]>
            </line>
            <line>
              <![CDATA[Button Clicked]]>
            </line>
            <line>
              <![CDATA[Name changed Fail]]>
            </line>
            <line>
              <![CDATA[]]>
            </line>
          </reporter-output>
        </test-method> <!-- test -->
        <test-method is-config="true" signature="afterTest()[pri:0, instance:testcase.Testcase__EmptyEditDiscussionName@1349883]" started-at="2023-08-22T02:57:25 ICT" name="afterTest" finished-at="2023-08-22T02:57:30 ICT" duration-ms="5328" status="PASS">
          <reporter-output>
          </reporter-output>
        </test-method> <!-- afterTest -->
      </class> <!-- testcase.Testcase__EmptyEditDiscussionName -->
      <class name="testcase.Testcase_passwordTooLong">
        <test-method is-config="true" signature="testSetup()[pri:0, instance:testcase.Testcase_passwordTooLong@19e4653c]" started-at="2023-08-22T02:54:28 ICT" name="testSetup" finished-at="2023-08-22T02:54:33 ICT" duration-ms="5048" status="PASS">
          <reporter-output>
            <line>
              <![CDATA[successfully proceeded to SignUpPage]]>
            </line>
          </reporter-output>
        </test-method> <!-- testSetup -->
        <test-method signature="test()[pri:0, instance:testcase.Testcase_passwordTooLong@19e4653c]" started-at="2023-08-22T02:54:33 ICT" name="test" finished-at="2023-08-22T02:54:37 ICT" duration-ms="4388" status="PASS">
          <reporter-output>
            <line>
              <![CDATA[email entered]]>
            </line>
            <line>
              <![CDATA[email button clicked]]>
            </line>
            <line>
              <![CDATA[password entered]]>
            </line>
            <line>
              <![CDATA[password is too long]]>
            </line>
          </reporter-output>
        </test-method> <!-- test -->
        <test-method is-config="true" signature="afterTest()[pri:0, instance:testcase.Testcase_passwordTooLong@19e4653c]" started-at="2023-08-22T02:57:40 ICT" name="afterTest" finished-at="2023-08-22T02:57:46 ICT" duration-ms="5362" status="PASS">
          <reporter-output>
          </reporter-output>
        </test-method> <!-- afterTest -->
      </class> <!-- testcase.Testcase_passwordTooLong -->
      <class name="testcase.Testcase_passwordNotSatisfy">
        <test-method is-config="true" signature="testSetup()[pri:0, instance:testcase.Testcase_passwordNotSatisfy@33065d67]" started-at="2023-08-22T02:54:23 ICT" name="testSetup" finished-at="2023-08-22T02:54:28 ICT" duration-ms="5252" status="PASS">
          <reporter-output>
            <line>
              <![CDATA[successfully proceeded to SignUpPage]]>
            </line>
          </reporter-output>
        </test-method> <!-- testSetup -->
        <test-method signature="test()[pri:0, instance:testcase.Testcase_passwordNotSatisfy@33065d67]" started-at="2023-08-22T02:54:42 ICT" name="test" finished-at="2023-08-22T02:54:44 ICT" duration-ms="1838" status="PASS">
          <reporter-output>
            <line>
              <![CDATA[email entered]]>
            </line>
            <line>
              <![CDATA[email button clicked]]>
            </line>
            <line>
              <![CDATA[password entered]]>
            </line>
            <line>
              <![CDATA[password needs a number and lowercase letter]]>
            </line>
          </reporter-output>
        </test-method> <!-- test -->
        <test-method is-config="true" signature="afterTest()[pri:0, instance:testcase.Testcase_passwordNotSatisfy@33065d67]" started-at="2023-08-22T02:57:35 ICT" name="afterTest" finished-at="2023-08-22T02:57:40 ICT" duration-ms="5270" status="PASS">
          <reporter-output>
          </reporter-output>
        </test-method> <!-- afterTest -->
      </class> <!-- testcase.Testcase_passwordNotSatisfy -->
      <class name="testcase.Testcase_StartNewDiscusion2">
        <test-method is-config="true" signature="testSetup()[pri:0, instance:testcase.Testcase_StartNewDiscusion2@4c60d6e9]" started-at="2023-08-22T02:54:05 ICT" name="testSetup" finished-at="2023-08-22T02:54:08 ICT" duration-ms="2613" status="PASS">
          <reporter-output>
            <line>
              <![CDATA[successfully proceeded to General Discusion page]]>
            </line>
          </reporter-output>
        </test-method> <!-- testSetup -->
        <test-method signature="test()[pri:0, instance:testcase.Testcase_StartNewDiscusion2@4c60d6e9]" started-at="2023-08-22T02:55:39 ICT" name="test" finished-at="2023-08-22T02:55:43 ICT" duration-ms="4007" status="PASS">
          <reporter-output>
            <line>
              <![CDATA[username entered]]>
            </line>
            <line>
              <![CDATA[password entered]]>
            </line>
            <line>
              <![CDATA[button clicked]]>
            </line>
            <line>
              <![CDATA[login successful]]>
            </line>
            <line>
              <![CDATA[Discussion Title entered]]>
            </line>
            <line>
              <![CDATA[Write section entered]]>
            </line>
            <line>
              <![CDATA[Button Clicked]]>
            </line>
            <line>
              <![CDATA[discussion created successful]]>
            </line>
            <line>
              <![CDATA[ideas]]>
            </line>
          </reporter-output>
        </test-method> <!-- test -->
        <test-method is-config="true" signature="afterTest()[pri:0, instance:testcase.Testcase_StartNewDiscusion2@4c60d6e9]" started-at="2023-08-22T02:57:09 ICT" name="afterTest" finished-at="2023-08-22T02:57:14 ICT" duration-ms="5324" status="PASS">
          <reporter-output>
          </reporter-output>
        </test-method> <!-- afterTest -->
      </class> <!-- testcase.Testcase_StartNewDiscusion2 -->
      <class name="testcase.Testcase_SpecialRepoName">
        <test-method is-config="true" signature="testSetup()[pri:0, instance:testcase.Testcase_SpecialRepoName@1c5920df]" started-at="2023-08-22T02:54:00 ICT" name="testSetup" finished-at="2023-08-22T02:54:03 ICT" duration-ms="2838" status="PASS">
          <reporter-output>
            <line>
              <![CDATA[successfully proceeded to LoginPage]]>
            </line>
          </reporter-output>
        </test-method> <!-- testSetup -->
        <test-method signature="test()[pri:0, instance:testcase.Testcase_SpecialRepoName@1c5920df]" started-at="2023-08-22T02:55:07 ICT" name="test" finished-at="2023-08-22T02:55:11 ICT" duration-ms="4185" status="PASS">
          <reporter-output>
            <line>
              <![CDATA[username entered]]>
            </line>
            <line>
              <![CDATA[password entered]]>
            </line>
            <line>
              <![CDATA[button clicked]]>
            </line>
            <line>
              <![CDATA[login successful]]>
            </line>
            <line>
              <![CDATA[repository clicked]]>
            </line>
            <line>
              <![CDATA[repo name entered]]>
            </line>
          </reporter-output>
        </test-method> <!-- test -->
        <test-method is-config="true" signature="afterTest()[pri:0, instance:testcase.Testcase_SpecialRepoName@1c5920df]" started-at="2023-08-22T02:56:58 ICT" name="afterTest" finished-at="2023-08-22T02:57:03 ICT" duration-ms="5314" status="PASS">
          <reporter-output>
          </reporter-output>
        </test-method> <!-- afterTest -->
      </class> <!-- testcase.Testcase_SpecialRepoName -->
      <class name="testcase.Testcase_WriteComment">
        <test-method is-config="true" signature="testSetup()[pri:0, instance:testcase.Testcase_WriteComment@15043a2f]" started-at="2023-08-22T02:54:08 ICT" name="testSetup" finished-at="2023-08-22T02:54:10 ICT" duration-ms="2973" status="PASS">
          <reporter-output>
            <line>
              <![CDATA[successfully proceeded to General Discusion page]]>
            </line>
          </reporter-output>
        </test-method> <!-- testSetup -->
        <test-method signature="test()[pri:0, instance:testcase.Testcase_WriteComment@15043a2f]" started-at="2023-08-22T02:55:43 ICT" name="test" finished-at="2023-08-22T02:55:55 ICT" duration-ms="11366" status="FAIL">
          <exception class="org.openqa.selenium.NoSuchElementException">
            <message>
              <![CDATA[no such element: Unable to locate element: {"method":"xpath","selector":"//*[@id='new_comment_field']"}
  (Session info: chrome=115.0.5790.173)
For documentation on this error, please visit: https://www.selenium.dev/documentation/webdriver/troubleshooting/errors#no-such-element-exception
Build info: version: '4.10.0', revision: 'c14d967899'
System info: os.name: 'Windows 10', os.arch: 'amd64', os.version: '10.0', java.version: '18.0.2.1'
Driver info: org.openqa.selenium.chrome.ChromeDriver
Command: [8ec165388db909b3c7a61e241696ad73, findElement {using=xpath, value=//*[@id='new_comment_field']}]
Capabilities {acceptInsecureCerts: false, browserName: chrome, browserVersion: 115.0.5790.173, chrome: {chromedriverVersion: 114.0.5735.90 (386bc09e8f4f..., userDataDir: C:\Users\viend\AppData\Loca...}, goog:chromeOptions: {debuggerAddress: localhost:52607}, networkConnectionEnabled: false, pageLoadStrategy: normal, platformName: windows, proxy: Proxy(), se:cdp: ws://localhost:52607/devtoo..., se:cdpVersion: 115.0.5790.173, setWindowRect: true, strictFileInteractability: false, timeouts: {implicit: 0, pageLoad: 300000, script: 30000}, unhandledPromptBehavior: dismiss and notify, webauthn:extension:credBlob: true, webauthn:extension:largeBlob: true, webauthn:extension:minPinLength: true, webauthn:extension:prf: true, webauthn:virtualAuthenticators: true}
Session ID: 8ec165388db909b3c7a61e241696ad73]]>
            </message>
            <full-stacktrace>
              <![CDATA[org.openqa.selenium.NoSuchElementException: no such element: Unable to locate element: {"method":"xpath","selector":"//*[@id='new_comment_field']"}
  (Session info: chrome=115.0.5790.173)
For documentation on this error, please visit: https://www.selenium.dev/documentation/webdriver/troubleshooting/errors#no-such-element-exception
Build info: version: '4.10.0', revision: 'c14d967899'
System info: os.name: 'Windows 10', os.arch: 'amd64', os.version: '10.0', java.version: '18.0.2.1'
Driver info: org.openqa.selenium.chrome.ChromeDriver
Command: [8ec165388db909b3c7a61e241696ad73, findElement {using=xpath, value=//*[@id='new_comment_field']}]
Capabilities {acceptInsecureCerts: false, browserName: chrome, browserVersion: 115.0.5790.173, chrome: {chromedriverVersion: 114.0.5735.90 (386bc09e8f4f..., userDataDir: C:\Users\viend\AppData\Loca...}, goog:chromeOptions: {debuggerAddress: localhost:52607}, networkConnectionEnabled: false, pageLoadStrategy: normal, platformName: windows, proxy: Proxy(), se:cdp: ws://localhost:52607/devtoo..., se:cdpVersion: 115.0.5790.173, setWindowRect: true, strictFileInteractability: false, timeouts: {implicit: 0, pageLoad: 300000, script: 30000}, unhandledPromptBehavior: dismiss and notify, webauthn:extension:credBlob: true, webauthn:extension:largeBlob: true, webauthn:extension:minPinLength: true, webauthn:extension:prf: true, webauthn:virtualAuthenticators: true}
Session ID: 8ec165388db909b3c7a61e241696ad73
at java.base/jdk.internal.reflect.DirectConstructorHandleAccessor.newInstance(DirectConstructorHandleAccessor.java:67)
at java.base/java.lang.reflect.Constructor.newInstanceWithCaller(Constructor.java:499)
at java.base/java.lang.reflect.Constructor.newInstance(Constructor.java:483)
at org.openqa.selenium.remote.codec.w3c.W3CHttpResponseCodec.createException(W3CHttpResponseCodec.java:199)
at org.openqa.selenium.remote.codec.w3c.W3CHttpResponseCodec.decode(W3CHttpResponseCodec.java:132)
at org.openqa.selenium.remote.codec.w3c.W3CHttpResponseCodec.decode(W3CHttpResponseCodec.java:51)
at org.openqa.selenium.remote.HttpCommandExecutor.execute(HttpCommandExecutor.java:191)
at org.openqa.selenium.remote.service.DriverCommandExecutor.invokeExecute(DriverCommandExecutor.java:196)
at org.openqa.selenium.remote.service.DriverCommandExecutor.execute(DriverCommandExecutor.java:171)
at org.openqa.selenium.remote.RemoteWebDriver.execute(RemoteWebDriver.java:531)
at org.openqa.selenium.remote.ElementLocation$ElementFinder$2.findElement(ElementLocation.java:165)
at org.openqa.selenium.remote.ElementLocation.findElement(ElementLocation.java:59)
at org.openqa.selenium.remote.RemoteWebDriver.findElement(RemoteWebDriver.java:350)
at org.openqa.selenium.remote.RemoteWebDriver.findElement(RemoteWebDriver.java:344)
at org.openqa.selenium.support.pagefactory.DefaultElementLocator.findElement(DefaultElementLocator.java:68)
at org.openqa.selenium.support.pagefactory.internal.LocatingElementHandler.invoke(LocatingElementHandler.java:38)
at jdk.proxy2/jdk.proxy2.$Proxy17.sendKeys(Unknown Source)
at homepage.GeneralDiscussion.setComment(GeneralDiscussion.java:87)
at homepage.GeneralDiscussion.Comment(GeneralDiscussion.java:223)
at testcase.Testcase_WriteComment.test(Testcase_WriteComment.java:60)
at java.base/jdk.internal.reflect.DirectMethodHandleAccessor.invoke(DirectMethodHandleAccessor.java:104)
at java.base/java.lang.reflect.Method.invoke(Method.java:577)
at org.testng.internal.invokers.MethodInvocationHelper.invokeMethod(MethodInvocationHelper.java:139)
at org.testng.internal.invokers.TestInvoker.invokeMethod(TestInvoker.java:664)
at org.testng.internal.invokers.TestInvoker.invokeTestMethod(TestInvoker.java:227)
at org.testng.internal.invokers.MethodRunner.runInSequence(MethodRunner.java:50)
at org.testng.internal.invokers.TestInvoker$MethodInvocationAgent.invoke(TestInvoker.java:957)
at org.testng.internal.invokers.TestInvoker.invokeTestMethods(TestInvoker.java:200)
at org.testng.internal.invokers.TestMethodWorker.invokeTestMethods(TestMethodWorker.java:148)
at org.testng.internal.invokers.TestMethodWorker.run(TestMethodWorker.java:128)
at java.base/java.util.ArrayList.forEach(ArrayList.java:1511)
at org.testng.TestRunner.privateRun(TestRunner.java:848)
at org.testng.TestRunner.run(TestRunner.java:621)
at org.testng.SuiteRunner.runTest(SuiteRunner.java:443)
at org.testng.SuiteRunner.runSequentially(SuiteRunner.java:437)
at org.testng.SuiteRunner.privateRun(SuiteRunner.java:397)
at org.testng.SuiteRunner.run(SuiteRunner.java:336)
at org.testng.SuiteRunnerWorker.runSuite(SuiteRunnerWorker.java:52)
at org.testng.SuiteRunnerWorker.run(SuiteRunnerWorker.java:95)
at org.testng.TestNG.runSuitesSequentially(TestNG.java:1280)
at org.testng.TestNG.runSuitesLocally(TestNG.java:1200)
at org.testng.TestNG.runSuites(TestNG.java:1114)
at org.testng.TestNG.run(TestNG.java:1082)
at org.testng.remote.AbstractRemoteTestNG.run(AbstractRemoteTestNG.java:115)
at org.testng.remote.RemoteTestNG.initAndRun(RemoteTestNG.java:251)
at org.testng.remote.RemoteTestNG.main(RemoteTestNG.java:77)
]]>
            </full-stacktrace>
          </exception> <!-- org.openqa.selenium.NoSuchElementException -->
          <reporter-output>
            <line>
              <![CDATA[username entered]]>
            </line>
            <line>
              <![CDATA[password entered]]>
            </line>
            <line>
              <![CDATA[button clicked]]>
            </line>
            <line>
              <![CDATA[login successful]]>
            </line>
          </reporter-output>
        </test-method> <!-- test -->
        <test-method is-config="true" signature="afterTest()[pri:0, instance:testcase.Testcase_WriteComment@15043a2f]" started-at="2023-08-22T02:57:14 ICT" name="afterTest" finished-at="2023-08-22T02:57:19 ICT" duration-ms="5252" status="PASS">
          <reporter-output>
          </reporter-output>
        </test-method> <!-- afterTest -->
      </class> <!-- testcase.Testcase_WriteComment -->
      <class name="testcase.Testcase_passwordCompromised">
        <test-method is-config="true" signature="testSetup()[pri:0, instance:testcase.Testcase_passwordCompromised@53fb3dab]" started-at="2023-08-22T02:54:15 ICT" name="testSetup" finished-at="2023-08-22T02:54:23 ICT" duration-ms="7750" status="PASS">
          <reporter-output>
            <line>
              <![CDATA[successfully proceeded to SignUpPage]]>
            </line>
          </reporter-output>
        </test-method> <!-- testSetup -->
        <test-method signature="test()[pri:0, instance:testcase.Testcase_passwordCompromised@53fb3dab]" started-at="2023-08-22T02:54:37 ICT" name="test" finished-at="2023-08-22T02:54:39 ICT" duration-ms="1884" status="PASS">
          <reporter-output>
            <line>
              <![CDATA[email entered]]>
            </line>
            <line>
              <![CDATA[email button clicked]]>
            </line>
            <line>
              <![CDATA[password entered]]>
            </line>
            <line>
              <![CDATA[password may be compromised]]>
            </line>
          </reporter-output>
        </test-method> <!-- test -->
        <test-method is-config="true" signature="afterTest()[pri:0, instance:testcase.Testcase_passwordCompromised@53fb3dab]" started-at="2023-08-22T02:57:30 ICT" name="afterTest" finished-at="2023-08-22T02:57:35 ICT" duration-ms="5303" status="PASS">
          <reporter-output>
          </reporter-output>
        </test-method> <!-- afterTest -->
      </class> <!-- testcase.Testcase_passwordCompromised -->
    </test> <!-- Test -->
  </suite> <!-- Suite -->
</testng-results>
