<html>
<head>
<title>TestNG:  Test</title>
<link href="../testng.css" rel="stylesheet" type="text/css" />
<link href="../my-testng.css" rel="stylesheet" type="text/css" />

<style type="text/css">
.log { display: none;} 
.stack-trace { display: none;} 
</style>
<script type="text/javascript">
<!--
function flip(e) {
  current = e.style.display;
  if (current == 'block') {
    e.style.display = 'none';
    return 0;
  }
  else {
    e.style.display = 'block';
    return 1;
  }
}

function toggleBox(szDivId, elem, msg1, msg2)
{
  var res = -1;  if (document.getElementById) {
    res = flip(document.getElementById(szDivId));
  }
  else if (document.all) {
    // this is the way old msie versions work
    res = flip(document.all[szDivId]);
  }
  if(elem) {
    if(res == 0) elem.innerHTML = msg1; else elem.innerHTML = msg2;
  }

}

function toggleAllBoxes() {
  if (document.getElementsByTagName) {
    d = document.getElementsByTagName('div');
    for (i = 0; i < d.length; i++) {
      if (d[i].className == 'log') {
        flip(d[i]);
      }
    }
  }
}

// -->
</script>

</head>
<body>
<h2 align='center'>Test</h2><table border='1' align="center">
<tr>
<td>Tests passed/Failed/Skipped:</td><td>16/3/0</td>
</tr><tr>
<td>Started on:</td><td>Tue Aug 22 02:53:35 ICT 2023</td>
</tr>
<tr><td>Total time:</td><td>251 seconds (251093 ms)</td>
</tr><tr>
<td>Included groups:</td><td></td>
</tr><tr>
<td>Excluded groups:</td><td></td>
</tr>
</table><p/>
<small><i>(Hover the method name to see the test class name)</i></small><p/>
<table width='100%' border='1' class='invocation-failed'>
<tr><td colspan='4' align='center'><b>FAILED TESTS</b></td></tr>
<tr><td><b>Test method</b></td>
<td><b>Attribute(s)</b></td>
<td width="30%"><b>Exception</b></td>
<td width="10%"><b>Time (seconds)</b></td>
<td><b>Instance</b></td>
</tr>
<tr>
<td title='testcase.Testcase_WriteComment.test()'><b>test</b><br>Test class: testcase.Testcase_WriteComment<br/>
<a href="#Output-482983323" onClick='toggleBox("Output-482983323", this, "Show output", "Hide output");'>Show output</a>

<a href="#Output-482983323" onClick="toggleAllBoxes();">Show all outputs</a>
<div class='log' id="Output-482983323">
username entered<br/>
password entered<br/>
button clicked<br/>
login successful<br/>
</div>
</td>
<td><div><pre>org.openqa.selenium.NoSuchElementException: no such element: Unable to locate element: {&quot;method&quot;:&quot;xpath&quot;,&quot;selector&quot;:&quot;//*[@id=&apos;new_comment_field&apos;]&quot;}
  (Session info: chrome=115.0.5790.173)
For documentation on this error, please visit: https://www.selenium.dev/documentation/webdriver/troubleshooting/errors#no-such-element-exception
Build info: version: &apos;4.10.0&apos;, revision: &apos;c14d967899&apos;
System info: os.name: &apos;Windows 10&apos;, os.arch: &apos;amd64&apos;, os.version: &apos;10.0&apos;, java.version: &apos;18.0.2.1&apos;
Driver info: org.openqa.selenium.chrome.ChromeDriver
Command: [8ec165388db909b3c7a61e241696ad73, findElement {using=xpath, value=//*[@id=&apos;new_comment_field&apos;]}]
Capabilities {acceptInsecureCerts: false, browserName: chrome, browserVersion: 115.0.5790.173, chrome: {chromedriverVersion: 114.0.5735.90 (386bc09e8f4f..., userDataDir: C:\Users\viend\AppData\Loca...}, goog:chromeOptions: {debuggerAddress: localhost:52607}, networkConnectionEnabled: false, pageLoadStrategy: normal, platformName: windows, proxy: Proxy(), se:cdp: ws://localhost:52607/devtoo..., se:cdpVersion: 115.0.5790.173, setWindowRect: true, strictFileInteractability: false, timeouts: {implicit: 0, pageLoad: 300000, script: 30000}, unhandledPromptBehavior: dismiss and notify, webauthn:extension:credBlob: true, webauthn:extension:largeBlob: true, webauthn:extension:minPinLength: true, webauthn:extension:prf: true, webauthn:virtualAuthenticators: true}
Session ID: 8ec165388db909b3c7a61e241696ad73
	at org.openqa.selenium.remote.codec.w3c.W3CHttpResponseCodec.createException(W3CHttpResponseCodec.java:199)
	at org.openqa.selenium.remote.codec.w3c.W3CHttpResponseCodec.decode(W3CHttpResponseCodec.java:132)
	at org.openqa.selenium.remote.codec.w3c.W3CHttpResponseCodec.decode(W3CHttpResponseCodec.java:51)
	at org.openqa.selenium.remote.HttpCommandExecutor.execute(HttpCommandExecutor.java:191)
	at org.openqa.selenium.remote.service.DriverCommandExecutor.invokeExecute(DriverCommandExecutor.java:196)
	at org.openqa.selenium.remote.service.DriverCommandExecutor.execute(DriverCommandExecutor.java:171)
	at org.openqa.selenium.remote.RemoteWebDriver.execute(RemoteWebDriver.java:531)
	at org.openqa.selenium.remote.ElementLocation$ElementFinder$2.findElement(ElementLocation.java:165)
	at org.openqa.selenium.remote.ElementLocation.findElement(ElementLocation.java:59)
	at org.openqa.selenium.remote.RemoteWebDriver.findElement(RemoteWebDriver.java:350)
	at org.openqa.selenium.remote.RemoteWebDriver.findElement(RemoteWebDriver.java:344)
	at org.openqa.selenium.support.pagefactory.DefaultElementLocator.findElement(DefaultElementLocator.java:68)
	at org.openqa.selenium.support.pagefactory.internal.LocatingElementHandler.invoke(LocatingElementHandler.java:38)
	at jdk.proxy2/jdk.proxy2.$Proxy17.sendKeys(Unknown Source)
	at homepage.GeneralDiscussion.setComment(GeneralDiscussion.java:87)
	at homepage.GeneralDiscussion.Comment(GeneralDiscussion.java:223)
	at testcase.Testcase_WriteComment.test(Testcase_WriteComment.java:60)
	at java.base/java.util.ArrayList.forEach(ArrayList.java:1511)
... Removed 28 stack frames</pre></div><a href='#' onClick='toggleBox("stack-trace482983323", this, "Click to show all stack frames", "Click to hide stack frames")'>Click to show all stack frames</a>
<div class='stack-trace' id='stack-trace482983323'><pre>org.openqa.selenium.NoSuchElementException: no such element: Unable to locate element: {&quot;method&quot;:&quot;xpath&quot;,&quot;selector&quot;:&quot;//*[@id=&apos;new_comment_field&apos;]&quot;}
  (Session info: chrome=115.0.5790.173)
For documentation on this error, please visit: https://www.selenium.dev/documentation/webdriver/troubleshooting/errors#no-such-element-exception
Build info: version: &apos;4.10.0&apos;, revision: &apos;c14d967899&apos;
System info: os.name: &apos;Windows 10&apos;, os.arch: &apos;amd64&apos;, os.version: &apos;10.0&apos;, java.version: &apos;18.0.2.1&apos;
Driver info: org.openqa.selenium.chrome.ChromeDriver
Command: [8ec165388db909b3c7a61e241696ad73, findElement {using=xpath, value=//*[@id=&apos;new_comment_field&apos;]}]
Capabilities {acceptInsecureCerts: false, browserName: chrome, browserVersion: 115.0.5790.173, chrome: {chromedriverVersion: 114.0.5735.90 (386bc09e8f4f..., userDataDir: C:\Users\viend\AppData\Loca...}, goog:chromeOptions: {debuggerAddress: localhost:52607}, networkConnectionEnabled: false, pageLoadStrategy: normal, platformName: windows, proxy: Proxy(), se:cdp: ws://localhost:52607/devtoo..., se:cdpVersion: 115.0.5790.173, setWindowRect: true, strictFileInteractability: false, timeouts: {implicit: 0, pageLoad: 300000, script: 30000}, unhandledPromptBehavior: dismiss and notify, webauthn:extension:credBlob: true, webauthn:extension:largeBlob: true, webauthn:extension:minPinLength: true, webauthn:extension:prf: true, webauthn:virtualAuthenticators: true}
Session ID: 8ec165388db909b3c7a61e241696ad73
	at java.base/jdk.internal.reflect.DirectConstructorHandleAccessor.newInstance(DirectConstructorHandleAccessor.java:67)
	at java.base/java.lang.reflect.Constructor.newInstanceWithCaller(Constructor.java:499)
	at java.base/java.lang.reflect.Constructor.newInstance(Constructor.java:483)
	at org.openqa.selenium.remote.codec.w3c.W3CHttpResponseCodec.createException(W3CHttpResponseCodec.java:199)
	at org.openqa.selenium.remote.codec.w3c.W3CHttpResponseCodec.decode(W3CHttpResponseCodec.java:132)
	at org.openqa.selenium.remote.codec.w3c.W3CHttpResponseCodec.decode(W3CHttpResponseCodec.java:51)
	at org.openqa.selenium.remote.HttpCommandExecutor.execute(HttpCommandExecutor.java:191)
	at org.openqa.selenium.remote.service.DriverCommandExecutor.invokeExecute(DriverCommandExecutor.java:196)
	at org.openqa.selenium.remote.service.DriverCommandExecutor.execute(DriverCommandExecutor.java:171)
	at org.openqa.selenium.remote.RemoteWebDriver.execute(RemoteWebDriver.java:531)
	at org.openqa.selenium.remote.ElementLocation$ElementFinder$2.findElement(ElementLocation.java:165)
	at org.openqa.selenium.remote.ElementLocation.findElement(ElementLocation.java:59)
	at org.openqa.selenium.remote.RemoteWebDriver.findElement(RemoteWebDriver.java:350)
	at org.openqa.selenium.remote.RemoteWebDriver.findElement(RemoteWebDriver.java:344)
	at org.openqa.selenium.support.pagefactory.DefaultElementLocator.findElement(DefaultElementLocator.java:68)
	at org.openqa.selenium.support.pagefactory.internal.LocatingElementHandler.invoke(LocatingElementHandler.java:38)
	at jdk.proxy2/jdk.proxy2.$Proxy17.sendKeys(Unknown Source)
	at homepage.GeneralDiscussion.setComment(GeneralDiscussion.java:87)
	at homepage.GeneralDiscussion.Comment(GeneralDiscussion.java:223)
	at testcase.Testcase_WriteComment.test(Testcase_WriteComment.java:60)
	at java.base/jdk.internal.reflect.DirectMethodHandleAccessor.invoke(DirectMethodHandleAccessor.java:104)
	at java.base/java.lang.reflect.Method.invoke(Method.java:577)
	at org.testng.internal.invokers.MethodInvocationHelper.invokeMethod(MethodInvocationHelper.java:139)
	at org.testng.internal.invokers.TestInvoker.invokeMethod(TestInvoker.java:664)
	at org.testng.internal.invokers.TestInvoker.invokeTestMethod(TestInvoker.java:227)
	at org.testng.internal.invokers.MethodRunner.runInSequence(MethodRunner.java:50)
	at org.testng.internal.invokers.TestInvoker$MethodInvocationAgent.invoke(TestInvoker.java:957)
	at org.testng.internal.invokers.TestInvoker.invokeTestMethods(TestInvoker.java:200)
	at org.testng.internal.invokers.TestMethodWorker.invokeTestMethods(TestMethodWorker.java:148)
	at org.testng.internal.invokers.TestMethodWorker.run(TestMethodWorker.java:128)
	at java.base/java.util.ArrayList.forEach(ArrayList.java:1511)
	at org.testng.TestRunner.privateRun(TestRunner.java:848)
	at org.testng.TestRunner.run(TestRunner.java:621)
	at org.testng.SuiteRunner.runTest(SuiteRunner.java:443)
	at org.testng.SuiteRunner.runSequentially(SuiteRunner.java:437)
	at org.testng.SuiteRunner.privateRun(SuiteRunner.java:397)
	at org.testng.SuiteRunner.run(SuiteRunner.java:336)
	at org.testng.SuiteRunnerWorker.runSuite(SuiteRunnerWorker.java:52)
	at org.testng.SuiteRunnerWorker.run(SuiteRunnerWorker.java:95)
	at org.testng.TestNG.runSuitesSequentially(TestNG.java:1280)
	at org.testng.TestNG.runSuitesLocally(TestNG.java:1200)
	at org.testng.TestNG.runSuites(TestNG.java:1114)
	at org.testng.TestNG.run(TestNG.java:1082)
	at org.testng.remote.AbstractRemoteTestNG.run(AbstractRemoteTestNG.java:115)
	at org.testng.remote.RemoteTestNG.initAndRun(RemoteTestNG.java:251)
	at org.testng.remote.RemoteTestNG.main(RemoteTestNG.java:77)
</pre></div></td>
<td>11</td>
<td>testcase.Testcase_WriteComment@15043a2f</td></tr>
<tr>
<td title='testcase.Testcase_ChangeCatergory.test()'><b>test</b><br>Test class: testcase.Testcase_ChangeCatergory<br/>
<a href="#Output-818464427" onClick='toggleBox("Output-818464427", this, "Show output", "Hide output");'>Show output</a>

<a href="#Output-818464427" onClick="toggleAllBoxes();">Show all outputs</a>
<div class='log' id="Output-818464427">
username entered<br/>
password entered<br/>
button clicked<br/>
login successful<br/>
Button Clicked<br/>
Button Clicked<br/>
discussion created successful<br/>
</div>
</td>
<td><div><pre>java.lang.AssertionError: expected [true] but found [false]
	at testcase.Testcase_ChangeCatergory.test(Testcase_ChangeCatergory.java:75)
	at java.base/java.util.ArrayList.forEach(ArrayList.java:1511)
... Removed 29 stack frames</pre></div><a href='#' onClick='toggleBox("stack-trace818464427", this, "Click to show all stack frames", "Click to hide stack frames")'>Click to show all stack frames</a>
<div class='stack-trace' id='stack-trace818464427'><pre>java.lang.AssertionError: expected [true] but found [false]
	at org.testng.Assert.fail(Assert.java:111)
	at org.testng.Assert.failNotEquals(Assert.java:1578)
	at org.testng.Assert.assertTrue(Assert.java:57)
	at org.testng.Assert.assertTrue(Assert.java:67)
	at testcase.Testcase_ChangeCatergory.test(Testcase_ChangeCatergory.java:75)
	at java.base/jdk.internal.reflect.DirectMethodHandleAccessor.invoke(DirectMethodHandleAccessor.java:104)
	at java.base/java.lang.reflect.Method.invoke(Method.java:577)
	at org.testng.internal.invokers.MethodInvocationHelper.invokeMethod(MethodInvocationHelper.java:139)
	at org.testng.internal.invokers.TestInvoker.invokeMethod(TestInvoker.java:664)
	at org.testng.internal.invokers.TestInvoker.invokeTestMethod(TestInvoker.java:227)
	at org.testng.internal.invokers.MethodRunner.runInSequence(MethodRunner.java:50)
	at org.testng.internal.invokers.TestInvoker$MethodInvocationAgent.invoke(TestInvoker.java:957)
	at org.testng.internal.invokers.TestInvoker.invokeTestMethods(TestInvoker.java:200)
	at org.testng.internal.invokers.TestMethodWorker.invokeTestMethods(TestMethodWorker.java:148)
	at org.testng.internal.invokers.TestMethodWorker.run(TestMethodWorker.java:128)
	at java.base/java.util.ArrayList.forEach(ArrayList.java:1511)
	at org.testng.TestRunner.privateRun(TestRunner.java:848)
	at org.testng.TestRunner.run(TestRunner.java:621)
	at org.testng.SuiteRunner.runTest(SuiteRunner.java:443)
	at org.testng.SuiteRunner.runSequentially(SuiteRunner.java:437)
	at org.testng.SuiteRunner.privateRun(SuiteRunner.java:397)
	at org.testng.SuiteRunner.run(SuiteRunner.java:336)
	at org.testng.SuiteRunnerWorker.runSuite(SuiteRunnerWorker.java:52)
	at org.testng.SuiteRunnerWorker.run(SuiteRunnerWorker.java:95)
	at org.testng.TestNG.runSuitesSequentially(TestNG.java:1280)
	at org.testng.TestNG.runSuitesLocally(TestNG.java:1200)
	at org.testng.TestNG.runSuites(TestNG.java:1114)
	at org.testng.TestNG.run(TestNG.java:1082)
	at org.testng.remote.AbstractRemoteTestNG.run(AbstractRemoteTestNG.java:115)
	at org.testng.remote.RemoteTestNG.initAndRun(RemoteTestNG.java:251)
	at org.testng.remote.RemoteTestNG.main(RemoteTestNG.java:77)
</pre></div></td>
<td>4</td>
<td>testcase.Testcase_ChangeCatergory@7f485fda</td></tr>
<tr>
<td title='testcase.Testcase_SignUp.test()'><b>test</b><br>Test class: testcase.Testcase_SignUp<br/>
<a href="#Output-1472057002" onClick='toggleBox("Output-1472057002", this, "Show output", "Hide output");'>Show output</a>

<a href="#Output-1472057002" onClick="toggleAllBoxes();">Show all outputs</a>
<div class='log' id="Output-1472057002">
email entered<br/>
email button clicked<br/>
password entered<br/>
pass button clicked<br/>
username entered<br/>
username button clicked<br/>
</div>
</td>
<td><div><pre>java.lang.AssertionError: Button was not clicked successfully expected [true] but found [false]
	at testcase.Testcase_SignUp.test(Testcase_SignUp.java:84)
	at java.base/java.util.ArrayList.forEach(ArrayList.java:1511)
... Removed 28 stack frames</pre></div><a href='#' onClick='toggleBox("stack-trace1472057002", this, "Click to show all stack frames", "Click to hide stack frames")'>Click to show all stack frames</a>
<div class='stack-trace' id='stack-trace1472057002'><pre>java.lang.AssertionError: Button was not clicked successfully expected [true] but found [false]
	at org.testng.Assert.fail(Assert.java:111)
	at org.testng.Assert.failNotEquals(Assert.java:1578)
	at org.testng.Assert.assertTrue(Assert.java:57)
	at testcase.Testcase_SignUp.test(Testcase_SignUp.java:84)
	at java.base/jdk.internal.reflect.DirectMethodHandleAccessor.invoke(DirectMethodHandleAccessor.java:104)
	at java.base/java.lang.reflect.Method.invoke(Method.java:577)
	at org.testng.internal.invokers.MethodInvocationHelper.invokeMethod(MethodInvocationHelper.java:139)
	at org.testng.internal.invokers.TestInvoker.invokeMethod(TestInvoker.java:664)
	at org.testng.internal.invokers.TestInvoker.invokeTestMethod(TestInvoker.java:227)
	at org.testng.internal.invokers.MethodRunner.runInSequence(MethodRunner.java:50)
	at org.testng.internal.invokers.TestInvoker$MethodInvocationAgent.invoke(TestInvoker.java:957)
	at org.testng.internal.invokers.TestInvoker.invokeTestMethods(TestInvoker.java:200)
	at org.testng.internal.invokers.TestMethodWorker.invokeTestMethods(TestMethodWorker.java:148)
	at org.testng.internal.invokers.TestMethodWorker.run(TestMethodWorker.java:128)
	at java.base/java.util.ArrayList.forEach(ArrayList.java:1511)
	at org.testng.TestRunner.privateRun(TestRunner.java:848)
	at org.testng.TestRunner.run(TestRunner.java:621)
	at org.testng.SuiteRunner.runTest(SuiteRunner.java:443)
	at org.testng.SuiteRunner.runSequentially(SuiteRunner.java:437)
	at org.testng.SuiteRunner.privateRun(SuiteRunner.java:397)
	at org.testng.SuiteRunner.run(SuiteRunner.java:336)
	at org.testng.SuiteRunnerWorker.runSuite(SuiteRunnerWorker.java:52)
	at org.testng.SuiteRunnerWorker.run(SuiteRunnerWorker.java:95)
	at org.testng.TestNG.runSuitesSequentially(TestNG.java:1280)
	at org.testng.TestNG.runSuitesLocally(TestNG.java:1200)
	at org.testng.TestNG.runSuites(TestNG.java:1114)
	at org.testng.TestNG.run(TestNG.java:1082)
	at org.testng.remote.AbstractRemoteTestNG.run(AbstractRemoteTestNG.java:115)
	at org.testng.remote.RemoteTestNG.initAndRun(RemoteTestNG.java:251)
	at org.testng.remote.RemoteTestNG.main(RemoteTestNG.java:77)
</pre></div></td>
<td>13</td>
<td>testcase.Testcase_SignUp@79e4c792</td></tr>
</table><p>
<table width='100%' border='1' class='invocation-passed'>
<tr><td colspan='4' align='center'><b>PASSED TESTS</b></td></tr>
<tr><td><b>Test method</b></td>
<td><b>Attribute(s)</b></td>
<td width="30%"><b>Exception</b></td>
<td width="10%"><b>Time (seconds)</b></td>
<td><b>Instance</b></td>
</tr>
<tr>
<td title='testcase.Testcase_BlankRepoName.test()'><b>test</b><br>Test class: testcase.Testcase_BlankRepoName<br/>
<a href="#Output-540962910" onClick='toggleBox("Output-540962910", this, "Show output", "Hide output");'>Show output</a>

<a href="#Output-540962910" onClick="toggleAllBoxes();">Show all outputs</a>
<div class='log' id="Output-540962910">
username entered<br/>
password entered<br/>
button clicked<br/>
login successful<br/>
repository clicked<br/>
create repo clicked<br/>
new repository name must not be blank<br/>
</div>
</td>
<td></td>
<td>5</td>
<td>testcase.Testcase_BlankRepoName@742ff096</td></tr>
<tr>
<td title='testcase.Testcase_SpecialRepoName.test()'><b>test</b><br>Test class: testcase.Testcase_SpecialRepoName<br/>
<a href="#Output-199933291" onClick='toggleBox("Output-199933291", this, "Show output", "Hide output");'>Show output</a>

<a href="#Output-199933291" onClick="toggleAllBoxes();">Show all outputs</a>
<div class='log' id="Output-199933291">
username entered<br/>
password entered<br/>
button clicked<br/>
login successful<br/>
repository clicked<br/>
repo name entered<br/>
</div>
</td>
<td></td>
<td>4</td>
<td>testcase.Testcase_SpecialRepoName@1c5920df</td></tr>
<tr>
<td title='testcase.Testcase_Login.test()'><b>test</b><br>Test class: testcase.Testcase_Login<br/>
<a href="#Output-410033330" onClick='toggleBox("Output-410033330", this, "Show output", "Hide output");'>Show output</a>

<a href="#Output-410033330" onClick="toggleAllBoxes();">Show all outputs</a>
<div class='log' id="Output-410033330">
username entered<br/>
password entered<br/>
button clicked<br/>
login successful<br/>
send feedback<br/>
</div>
</td>
<td></td>
<td>2</td>
<td>testcase.Testcase_Login@cb0755b</td></tr>
<tr>
<td title='testcase.Testcase__EmptyEditDiscussionName.test()'><b>test</b><br>Test class: testcase.Testcase__EmptyEditDiscussionName<br/>
<a href="#Output-131475186" onClick='toggleBox("Output-131475186", this, "Show output", "Hide output");'>Show output</a>

<a href="#Output-131475186" onClick="toggleAllBoxes();">Show all outputs</a>
<div class='log' id="Output-131475186">
username entered<br/>
password entered<br/>
button clicked<br/>
login successful<br/>
comment  entered<br/>
Button Clicked<br/>
Name changed Fail<br/>
<br/>
</div>
</td>
<td></td>
<td>2</td>
<td>testcase.Testcase__EmptyEditDiscussionName@1349883</td></tr>
<tr>
<td title='testcase.Testcase_WrongPassword.test()'><b>test</b><br>Test class: testcase.Testcase_WrongPassword<br/>
<a href="#Output-458624688" onClick='toggleBox("Output-458624688", this, "Show output", "Hide output");'>Show output</a>

<a href="#Output-458624688" onClick="toggleAllBoxes();">Show all outputs</a>
<div class='log' id="Output-458624688">
username entered<br/>
password entered<br/>
button clicked<br/>
login failed<br/>
incorrect username or password.<br/>
</div>
</td>
<td></td>
<td>1</td>
<td>testcase.Testcase_WrongPassword@712625fd</td></tr>
<tr>
<td title='testcase.Testcase_CreateRepo.test()'><b>test</b><br>Test class: testcase.Testcase_CreateRepo<br/>
<a href="#Output-1198513669" onClick='toggleBox("Output-1198513669", this, "Show output", "Hide output");'>Show output</a>

<a href="#Output-1198513669" onClick="toggleAllBoxes();">Show all outputs</a>
<div class='log' id="Output-1198513669">
username entered<br/>
password entered<br/>
button clicked<br/>
login successful<br/>
repository clicked<br/>
repo name entered<br/>
trieu-nhat-222 is available.<br/>
</div>
</td>
<td></td>
<td>5</td>
<td>testcase.Testcase_CreateRepo@7bba5817</td></tr>
<tr>
<td title='testcase.Testcase_passwordCompromised.test()'><b>test</b><br>Test class: testcase.Testcase_passwordCompromised<br/>
<a href="#Output-309301028" onClick='toggleBox("Output-309301028", this, "Show output", "Hide output");'>Show output</a>

<a href="#Output-309301028" onClick="toggleAllBoxes();">Show all outputs</a>
<div class='log' id="Output-309301028">
email entered<br/>
email button clicked<br/>
password entered<br/>
password may be compromised<br/>
</div>
</td>
<td></td>
<td>1</td>
<td>testcase.Testcase_passwordCompromised@53fb3dab</td></tr>
<tr>
<td title='testcase.Testcase_EditFile.test()'><b>test</b><br>Test class: testcase.Testcase_EditFile<br/>
<a href="#Output-412416671" onClick='toggleBox("Output-412416671", this, "Show output", "Hide output");'>Show output</a>

<a href="#Output-412416671" onClick="toggleAllBoxes();">Show all outputs</a>
<div class='log' id="Output-412416671">
username entered<br/>
password entered<br/>
button clicked<br/>
login successful<br/>
chosen repo clicked<br/>
chosen file clicked<br/>
Edit File button clicked<br/>
Typed in<br/>
Commit changes button clicked<br/>
'commit changes' confirmation button clicked<br/>
successfully updated<br/>
</div>
</td>
<td></td>
<td>9</td>
<td>testcase.Testcase_EditFile@75437611</td></tr>
<tr>
<td title='testcase.Testcase_StartNewDiscusion.test()'><b>test</b><br>Test class: testcase.Testcase_StartNewDiscusion<br/>
<a href="#Output-104634871" onClick='toggleBox("Output-104634871", this, "Show output", "Hide output");'>Show output</a>

<a href="#Output-104634871" onClick="toggleAllBoxes();">Show all outputs</a>
<div class='log' id="Output-104634871">
username entered<br/>
password entered<br/>
button clicked<br/>
login successful<br/>
Discussion Title entered<br/>
Write section entered<br/>
Button Clicked<br/>
discussion created successful<br/>
general<br/>
</div>
</td>
<td></td>
<td>4</td>
<td>testcase.Testcase_StartNewDiscusion@196a42c3</td></tr>
<tr>
<td title='testcase.Testcase_StartNewDiscusion2.test()'><b>test</b><br>Test class: testcase.Testcase_StartNewDiscusion2<br/>
<a href="#Output-176436106" onClick='toggleBox("Output-176436106", this, "Show output", "Hide output");'>Show output</a>

<a href="#Output-176436106" onClick="toggleAllBoxes();">Show all outputs</a>
<div class='log' id="Output-176436106">
username entered<br/>
password entered<br/>
button clicked<br/>
login successful<br/>
Discussion Title entered<br/>
Write section entered<br/>
Button Clicked<br/>
discussion created successful<br/>
ideas<br/>
</div>
</td>
<td></td>
<td>4</td>
<td>testcase.Testcase_StartNewDiscusion2@4c60d6e9</td></tr>
<tr>
<td title='testcase.Testcase_EditDicussionName.test()'><b>test</b><br>Test class: testcase.Testcase_EditDicussionName<br/>
<a href="#Output-2098356355" onClick='toggleBox("Output-2098356355", this, "Show output", "Hide output");'>Show output</a>

<a href="#Output-2098356355" onClick="toggleAllBoxes();">Show all outputs</a>
<div class='log' id="Output-2098356355">
username entered<br/>
password entered<br/>
button clicked<br/>
login successful<br/>
comment  entered<br/>
Button Clicked<br/>
Name changed successful<br/>
Test23<br/>
</div>
</td>
<td></td>
<td>3</td>
<td>testcase.Testcase_EditDicussionName@4b29d1d2</td></tr>
<tr>
<td title='testcase.Testcase_passwordNotSatisfy.test()'><b>test</b><br>Test class: testcase.Testcase_passwordNotSatisfy<br/>
<a href="#Output-1243705012" onClick='toggleBox("Output-1243705012", this, "Show output", "Hide output");'>Show output</a>

<a href="#Output-1243705012" onClick="toggleAllBoxes();">Show all outputs</a>
<div class='log' id="Output-1243705012">
email entered<br/>
email button clicked<br/>
password entered<br/>
password needs a number and lowercase letter<br/>
</div>
</td>
<td></td>
<td>1</td>
<td>testcase.Testcase_passwordNotSatisfy@33065d67</td></tr>
<tr>
<td title='testcase.Testcase_CreateNewFile.test()'><b>test</b><br>Test class: testcase.Testcase_CreateNewFile<br/>
<a href="#Output-539425791" onClick='toggleBox("Output-539425791", this, "Show output", "Hide output");'>Show output</a>

<a href="#Output-539425791" onClick="toggleAllBoxes();">Show all outputs</a>
<div class='log' id="Output-539425791">
username entered<br/>
password entered<br/>
button clicked<br/>
login successful<br/>
chosen repo clicked<br/>
chosen file clicked<br/>
'create file' button clicked<br/>
name input<br/>
content typed in<br/>
Commit changes button clicked<br/>
'commit changes' confirmation button clicked<br/>
newest file has been added<br/>
</div>
</td>
<td></td>
<td>10</td>
<td>testcase.Testcase_CreateNewFile@17f9d882</td></tr>
<tr>
<td title='testcase.Testcase_SortingDiscussion2.test()'><b>test</b><br>Test class: testcase.Testcase_SortingDiscussion2<br/>
<a href="#Output-672058419" onClick='toggleBox("Output-672058419", this, "Show output", "Hide output");'>Show output</a>

<a href="#Output-672058419" onClick="toggleAllBoxes();">Show all outputs</a>
<div class='log' id="Output-672058419">
Button Clicked<br/>
discussion created successful<br/>
<br/>
</div>
</td>
<td></td>
<td>0</td>
<td>testcase.Testcase_SortingDiscussion2@4a83a74a</td></tr>
<tr>
<td title='testcase.Testcase_passwordTooLong.test()'><b>test</b><br>Test class: testcase.Testcase_passwordTooLong<br/>
<a href="#Output-185544081" onClick='toggleBox("Output-185544081", this, "Show output", "Hide output");'>Show output</a>

<a href="#Output-185544081" onClick="toggleAllBoxes();">Show all outputs</a>
<div class='log' id="Output-185544081">
email entered<br/>
email button clicked<br/>
password entered<br/>
password is too long<br/>
</div>
</td>
<td></td>
<td>4</td>
<td>testcase.Testcase_passwordTooLong@19e4653c</td></tr>
<tr>
<td title='testcase.Testcase_InvalidOrTakenEmail.test()'><b>test</b><br>Test class: testcase.Testcase_InvalidOrTakenEmail<br/>
<a href="#Output-1414042262" onClick='toggleBox("Output-1414042262", this, "Show output", "Hide output");'>Show output</a>

<a href="#Output-1414042262" onClick="toggleAllBoxes();">Show all outputs</a>
<div class='log' id="Output-1414042262">
email entered<br/>
email is invalid or already taken<br/>
</div>
</td>
<td></td>
<td>1</td>
<td>testcase.Testcase_InvalidOrTakenEmail@350aac89</td></tr>
</table><p>
</body>
</html>