<?xml version="1.0" encoding="UTF-8"?>
<!-- Generated by org.testng.reporters.JUnitXMLReporter -->
<testsuite ignored="0" hostname="DESKTOP-PKIP4S4" failures="3" tests="19" name="Test" time="251.093" errors="0" timestamp="2023-08-22T02:57:46 ICT">
  <testcase classname="testcase.Testcase_passwordTooLong" name="test" time="4.388"/>
  <testcase classname="testcase.Testcase_passwordCompromised" name="test" time="1.884"/>
  <testcase classname="testcase.Testcase_Login" name="test" time="2.463"/>
  <testcase classname="testcase.Testcase_passwordNotSatisfy" name="test" time="1.838"/>
  <testcase classname="testcase.Testcase_WrongPassword" name="test" time="1.344"/>
  <testcase classname="testcase.Testcase_CreateRepo" name="test" time="5.619"/>
  <testcase classname="testcase.Testcase_BlankRepoName" name="test" time="5.32"/>
  <testcase classname="testcase.Testcase_EditFile" name="test" time="9.404"/>
  <testcase classname="testcase.Testcase_InvalidOrTakenEmail" name="test" time="1.305"/>
  <testcase classname="testcase.Testcase_SpecialRepoName" name="test" time="4.185"/>
  <testcase classname="testcase.Testcase_CreateNewFile" name="test" time="10.254"/>
  <testcase classname="testcase.Testcase_SignUp" name="test" time="13.852">
    <failure type="java.lang.AssertionError" message="Button was not clicked successfully expected [true] but found [false]">
      <![CDATA[java.lang.AssertionError: Button was not clicked successfully expected [true] but found [false]
at testcase.Testcase_SignUp.test(Testcase_SignUp.java:84)
at java.base/java.util.ArrayList.forEach(ArrayList.java:1511)
... Removed 28 stack frames]]>
    </failure>
  </testcase> <!-- test -->
  <testcase classname="testcase.Testcase_StartNewDiscusion" name="test" time="4.466"/>
  <testcase classname="testcase.Testcase_StartNewDiscusion2" name="test" time="4.007"/>
  <testcase classname="testcase.Testcase_WriteComment" name="test" time="11.366">
    <failure type="org.openqa.selenium.NoSuchElementException" message="no such element: Unable to locate element: {&amp;quot;method&amp;quot;:&amp;quot;xpath&amp;quot;,&amp;quot;selector&amp;quot;:&amp;quot;//*[@id=&amp;apos;new_comment_field&amp;apos;]&amp;quot;}
  (Session info: chrome=115.0.5790.173)
For documentation on this error, please visit: https://www.selenium.dev/documentation/webdriver/troubleshooting/errors#no-such-element-exception
Build info: version: &amp;apos;4.10.0&amp;apos;, revision: &amp;apos;c14d967899&amp;apos;
System info: os.name: &amp;apos;Windows 10&amp;apos;, os.arch: &amp;apos;amd64&amp;apos;, os.version: &amp;apos;10.0&amp;apos;, java.version: &amp;apos;18.0.2.1&amp;apos;
Driver info: org.openqa.selenium.chrome.ChromeDriver
Command: [8ec165388db909b3c7a61e241696ad73, findElement {using=xpath, value=//*[@id=&amp;apos;new_comment_field&amp;apos;]}]
Capabilities {acceptInsecureCerts: false, browserName: chrome, browserVersion: 115.0.5790.173, chrome: {chromedriverVersion: 114.0.5735.90 (386bc09e8f4f..., userDataDir: C:\Users\viend\AppData\Loca...}, goog:chromeOptions: {debuggerAddress: localhost:52607}, networkConnectionEnabled: false, pageLoadStrategy: normal, platformName: windows, proxy: Proxy(), se:cdp: ws://localhost:52607/devtoo..., se:cdpVersion: 115.0.5790.173, setWindowRect: true, strictFileInteractability: false, timeouts: {implicit: 0, pageLoad: 300000, script: 30000}, unhandledPromptBehavior: dismiss and notify, webauthn:extension:credBlob: true, webauthn:extension:largeBlob: true, webauthn:extension:minPinLength: true, webauthn:extension:prf: true, webauthn:virtualAuthenticators: true}
Session ID: 8ec165388db909b3c7a61e241696ad73">
      <![CDATA[org.openqa.selenium.NoSuchElementException: no such element: Unable to locate element: {"method":"xpath","selector":"//*[@id='new_comment_field']"}
  (Session info: chrome=115.0.5790.173)
For documentation on this error, please visit: https://www.selenium.dev/documentation/webdriver/troubleshooting/errors#no-such-element-exception
Build info: version: '4.10.0', revision: 'c14d967899'
System info: os.name: 'Windows 10', os.arch: 'amd64', os.version: '10.0', java.version: '18.0.2.1'
Driver info: org.openqa.selenium.chrome.ChromeDriver
Command: [8ec165388db909b3c7a61e241696ad73, findElement {using=xpath, value=//*[@id='new_comment_field']}]
Capabilities {acceptInsecureCerts: false, browserName: chrome, browserVersion: 115.0.5790.173, chrome: {chromedriverVersion: 114.0.5735.90 (386bc09e8f4f..., userDataDir: C:\Users\viend\AppData\Loca...}, goog:chromeOptions: {debuggerAddress: localhost:52607}, networkConnectionEnabled: false, pageLoadStrategy: normal, platformName: windows, proxy: Proxy(), se:cdp: ws://localhost:52607/devtoo..., se:cdpVersion: 115.0.5790.173, setWindowRect: true, strictFileInteractability: false, timeouts: {implicit: 0, pageLoad: 300000, script: 30000}, unhandledPromptBehavior: dismiss and notify, webauthn:extension:credBlob: true, webauthn:extension:largeBlob: true, webauthn:extension:minPinLength: true, webauthn:extension:prf: true, webauthn:virtualAuthenticators: true}
Session ID: 8ec165388db909b3c7a61e241696ad73
at org.openqa.selenium.remote.codec.w3c.W3CHttpResponseCodec.createException(W3CHttpResponseCodec.java:199)
at org.openqa.selenium.remote.codec.w3c.W3CHttpResponseCodec.decode(W3CHttpResponseCodec.java:132)
at org.openqa.selenium.remote.codec.w3c.W3CHttpResponseCodec.decode(W3CHttpResponseCodec.java:51)
at org.openqa.selenium.remote.HttpCommandExecutor.execute(HttpCommandExecutor.java:191)
at org.openqa.selenium.remote.service.DriverCommandExecutor.invokeExecute(DriverCommandExecutor.java:196)
at org.openqa.selenium.remote.service.DriverCommandExecutor.execute(DriverCommandExecutor.java:171)
at org.openqa.selenium.remote.RemoteWebDriver.execute(RemoteWebDriver.java:531)
at org.openqa.selenium.remote.ElementLocation$ElementFinder$2.findElement(ElementLocation.java:165)
at org.openqa.selenium.remote.ElementLocation.findElement(ElementLocation.java:59)
at org.openqa.selenium.remote.RemoteWebDriver.findElement(RemoteWebDriver.java:350)
at org.openqa.selenium.remote.RemoteWebDriver.findElement(RemoteWebDriver.java:344)
at org.openqa.selenium.support.pagefactory.DefaultElementLocator.findElement(DefaultElementLocator.java:68)
at org.openqa.selenium.support.pagefactory.internal.LocatingElementHandler.invoke(LocatingElementHandler.java:38)
at jdk.proxy2/jdk.proxy2.$Proxy17.sendKeys(Unknown Source)
at homepage.GeneralDiscussion.setComment(GeneralDiscussion.java:87)
at homepage.GeneralDiscussion.Comment(GeneralDiscussion.java:223)
at testcase.Testcase_WriteComment.test(Testcase_WriteComment.java:60)
at java.base/java.util.ArrayList.forEach(ArrayList.java:1511)
... Removed 28 stack frames]]>
    </failure>
  </testcase> <!-- test -->
  <testcase classname="testcase.Testcase_SortingDiscussion2" name="test" time="0.414"/>
  <testcase classname="testcase.Testcase__EmptyEditDiscussionName" name="test" time="2.742"/>
  <testcase classname="testcase.Testcase_EditDicussionName" name="test" time="3.07"/>
  <testcase classname="testcase.Testcase_ChangeCatergory" name="test" time="4.203">
    <failure type="java.lang.AssertionError" message="expected [true] but found [false]">
      <![CDATA[java.lang.AssertionError: expected [true] but found [false]
at testcase.Testcase_ChangeCatergory.test(Testcase_ChangeCatergory.java:75)
at java.base/java.util.ArrayList.forEach(ArrayList.java:1511)
... Removed 29 stack frames]]>
    </failure>
  </testcase> <!-- test -->
</testsuite> <!-- Test -->
